<?xml version="1.0" encoding="UTF-8"?>
<!-- Generated by org.testng.reporters.JUnitXMLReporter -->
<testsuite ignored="0" hostname="BhosaleA" failures="0" tests="3" name="ChromeTest-paralleltest" time="75.88" errors="0" timestamp="2025-02-04T06:45:19 IST">
  <testcase classname="amazon_Project1.Project1_Amazon.Testcase00007_ProductDetailsPage_project1_Enhanced" name="verifyProductDetails" time="27.147"/>
  <testcase classname="amazon_Project1.Project1_Amazon.TestCase10_AddandRemoveCart_Project1" name="addandremove" time="31.207">
    <skipped/>
  </testcase> <!-- addandremove -->
  <testcase classname="amazon_Project1.Project1_Amazon.TestCase10_AddandRemoveCart_Project1" name="addandremove" time="28.075"/>
</testsuite> <!-- ChromeTest-paralleltest -->
