<?xml version="1.0" encoding="UTF-8"?>
<!-- Generated by org.testng.reporters.JUnitXMLReporter -->
<testsuite ignored="0" hostname="BhosaleA" failures="10" tests="29" name="ChromeTest" time="822.211" errors="0" timestamp="2025-02-03T21:02:56 IST">
  <testcase classname="amazon_Project1.Project1_Amazon.LoginandQuit" name="@AfterMethod quit" time="5.215">
    <failure type="org.openqa.selenium.WebDriverException" message="Timed out waiting for driver server to stop.
Build info: version: &amp;apos;4.27.0&amp;apos;, revision: &amp;apos;d6e718d134&amp;apos;
System info: os.name: &amp;apos;Windows 11&amp;apos;, os.arch: &amp;apos;amd64&amp;apos;, os.version: &amp;apos;10.0&amp;apos;, java.version: &amp;apos;23&amp;apos;
Driver info: org.openqa.selenium.firefox.FirefoxDriver
Command: [c128cd26-2896-4bb8-8718-605b5e4fcc0a, quit {}]
Capabilities {acceptInsecureCerts: true, browserName: firefox, browserVersion: 134.0.2, moz:accessibilityChecks: false, moz:buildID: 20250120135430, moz:debuggerAddress: 127.0.0.1:10276, moz:geckodriverVersion: 0.35.0, moz:headless: false, moz:platformVersion: 10.0, moz:processID: 33288, moz:profile: C:\Users\amolb\AppData\Loca..., moz:shutdownTimeout: 60000, moz:webdriverClick: true, moz:windowless: false, pageLoadStrategy: normal, platformName: windows, proxy: Proxy(), se:cdp: ws://127.0.0.1:10276/devtoo..., se:cdpVersion: 85.0, setWindowRect: true, strictFileInteractability: false, timeouts: {implicit: 0, pageLoad: 300000, script: 30000}, unhandledPromptBehavior: dismiss and notify, userAgent: Mozilla/5.0 (Windows NT 10....}
Session ID: c128cd26-2896-4bb8-8718-605b5e4fcc0a">
      <![CDATA[org.openqa.selenium.WebDriverException: Timed out waiting for driver server to stop.
Build info: version: '4.27.0', revision: 'd6e718d134'
System info: os.name: 'Windows 11', os.arch: 'amd64', os.version: '10.0', java.version: '23'
Driver info: org.openqa.selenium.firefox.FirefoxDriver
Command: [c128cd26-2896-4bb8-8718-605b5e4fcc0a, quit {}]
Capabilities {acceptInsecureCerts: true, browserName: firefox, browserVersion: 134.0.2, moz:accessibilityChecks: false, moz:buildID: 20250120135430, moz:debuggerAddress: 127.0.0.1:10276, moz:geckodriverVersion: 0.35.0, moz:headless: false, moz:platformVersion: 10.0, moz:processID: 33288, moz:profile: C:\Users\amolb\AppData\Loca..., moz:shutdownTimeout: 60000, moz:webdriverClick: true, moz:windowless: false, pageLoadStrategy: normal, platformName: windows, proxy: Proxy(), se:cdp: ws://127.0.0.1:10276/devtoo..., se:cdpVersion: 85.0, setWindowRect: true, strictFileInteractability: false, timeouts: {implicit: 0, pageLoad: 300000, script: 30000}, unhandledPromptBehavior: dismiss and notify, userAgent: Mozilla/5.0 (Windows NT 10....}
Session ID: c128cd26-2896-4bb8-8718-605b5e4fcc0a
at org.openqa.selenium.remote.service.DriverCommandExecutor.execute(DriverCommandExecutor.java:164)
at org.openqa.selenium.remote.RemoteWebDriver.execute(RemoteWebDriver.java:545)
at org.openqa.selenium.remote.RemoteWebDriver.execute(RemoteWebDriver.java:618)
at org.openqa.selenium.remote.RemoteWebDriver.execute(RemoteWebDriver.java:622)
at org.openqa.selenium.remote.RemoteWebDriver.quit(RemoteWebDriver.java:446)
at org.openqa.selenium.firefox.FirefoxDriver.quit(FirefoxDriver.java:404)
at amazon_Project1.Project1_Amazon.LoginandQuit.quit(LoginandQuit.java:58)
at java.base/java.util.ArrayList.forEach(ArrayList.java:1597)
at java.base/java.util.concurrent.FutureTask.run(FutureTask.java:317)
at java.base/java.util.concurrent.ThreadPoolExecutor.runWorker(ThreadPoolExecutor.java:1144)
at java.base/java.util.concurrent.ThreadPoolExecutor$Worker.run(ThreadPoolExecutor.java:642)
at java.base/java.lang.Thread.run(Thread.java:1575)
Caused by: java.util.concurrent.ExecutionException: java.io.UncheckedIOException: java.net.ConnectException
at java.base/java.util.concurrent.CompletableFuture.wrapInExecutionException(CompletableFuture.java:345)
at java.base/java.util.concurrent.CompletableFuture.reportGet(CompletableFuture.java:440)
at java.base/java.util.concurrent.CompletableFuture.get(CompletableFuture.java:2140)
at org.openqa.selenium.remote.service.DriverCommandExecutor.execute(DriverCommandExecutor.java:160)
... 32 more
Caused by: java.io.UncheckedIOException: java.net.ConnectException
at org.openqa.selenium.remote.http.jdk.JdkHttpClient.execute0(JdkHttpClient.java:496)
at org.openqa.selenium.remote.http.AddSeleniumUserAgent.lambda$apply$0(AddSeleniumUserAgent.java:42)
at org.openqa.selenium.remote.http.Filter.lambda$andFinally$1(Filter.java:55)
at org.openqa.selenium.remote.http.jdk.JdkHttpClient.lambda$executeAsync$1(JdkHttpClient.java:383)
at java.base/java.util.concurrent.Executors$RunnableAdapter.call(Executors.java:572)
... 4 more
Caused by: java.net.ConnectException
at java.net.http/jdk.internal.net.http.HttpClientImpl.send(HttpClientImpl.java:956)
at java.net.http/jdk.internal.net.http.HttpClientFacade.send(HttpClientFacade.java:133)
at org.openqa.selenium.remote.http.jdk.JdkHttpClient.execute0(JdkHttpClient.java:455)
... 8 more
Caused by: java.net.ConnectException
at java.net.http/jdk.internal.net.http.common.Utils.toConnectException(Utils.java:1069)
at java.net.http/jdk.internal.net.http.PlainHttpConnection.connectAsync(PlainHttpConnection.java:227)
at java.net.http/jdk.internal.net.http.PlainHttpConnection.checkRetryConnect(PlainHttpConnection.java:280)
at java.net.http/jdk.internal.net.http.PlainHttpConnection.lambda$connectAsync$2(PlainHttpConnection.java:238)
at java.base/java.util.concurrent.CompletableFuture.uniHandle(CompletableFuture.java:978)
at java.base/java.util.concurrent.CompletableFuture$UniHandle.tryFire(CompletableFuture.java:955)
at java.base/java.util.concurrent.CompletableFuture.postComplete(CompletableFuture.java:554)
at java.base/java.util.concurrent.CompletableFuture$AsyncSupply.run(CompletableFuture.java:1817)
... 3 more
Caused by: java.nio.channels.ClosedChannelException
at java.base/sun.nio.ch.SocketChannelImpl.ensureOpen(SocketChannelImpl.java:204)
at java.base/sun.nio.ch.SocketChannelImpl.connect(SocketChannelImpl.java:958)
at java.net.http/jdk.internal.net.http.PlainHttpConnection.lambda$connectAsync$1(PlainHttpConnection.java:210)
at java.base/java.security.AccessController.doPrivileged(AccessController.java:571)
at java.net.http/jdk.internal.net.http.PlainHttpConnection.connectAsync(PlainHttpConnection.java:212)
... 9 more
... Removed 21 stack frames]]>
    </failure>
  </testcase> <!-- @AfterMethod quit -->
  <testcase classname="amazon_Project1.Project1_Amazon.LoginandQuit" name="@BeforeMethod launchbrowser" time="-1.738596097726E9">
    <skipped/>
  </testcase> <!-- @BeforeMethod launchbrowser -->
  <testcase classname="amazon_Project1.Project1_Amazon.LoginandQuit" name="@AfterMethod quit" time="-1.73859609773E9">
    <skipped/>
  </testcase> <!-- @AfterMethod quit -->
  <testcase classname="amazon_Project1.Project1_Amazon.LoginandQuit" name="@AfterMethod quit" time="1.258">
    <failure type="org.openqa.selenium.WebDriverException" message="Timed out waiting for driver server to stop.
Build info: version: &amp;apos;4.27.0&amp;apos;, revision: &amp;apos;d6e718d134&amp;apos;
System info: os.name: &amp;apos;Windows 11&amp;apos;, os.arch: &amp;apos;amd64&amp;apos;, os.version: &amp;apos;10.0&amp;apos;, java.version: &amp;apos;23&amp;apos;
Driver info: org.openqa.selenium.firefox.FirefoxDriver
Command: [6e30308b-d9d3-4f53-beda-7aec6ef31afd, quit {}]
Capabilities {acceptInsecureCerts: true, browserName: firefox, browserVersion: 134.0.2, moz:accessibilityChecks: false, moz:buildID: 20250120135430, moz:debuggerAddress: 127.0.0.1:11804, moz:geckodriverVersion: 0.35.0, moz:headless: false, moz:platformVersion: 10.0, moz:processID: 35900, moz:profile: C:\Users\amolb\AppData\Loca..., moz:shutdownTimeout: 60000, moz:webdriverClick: true, moz:windowless: false, pageLoadStrategy: normal, platformName: windows, proxy: Proxy(), se:cdp: ws://127.0.0.1:11804/devtoo..., se:cdpVersion: 85.0, setWindowRect: true, strictFileInteractability: false, timeouts: {implicit: 0, pageLoad: 300000, script: 30000}, unhandledPromptBehavior: dismiss and notify, userAgent: Mozilla/5.0 (Windows NT 10....}">
      <![CDATA[org.openqa.selenium.WebDriverException: Timed out waiting for driver server to stop.
Build info: version: '4.27.0', revision: 'd6e718d134'
System info: os.name: 'Windows 11', os.arch: 'amd64', os.version: '10.0', java.version: '23'
Driver info: org.openqa.selenium.firefox.FirefoxDriver
Command: [6e30308b-d9d3-4f53-beda-7aec6ef31afd, quit {}]
Capabilities {acceptInsecureCerts: true, browserName: firefox, browserVersion: 134.0.2, moz:accessibilityChecks: false, moz:buildID: 20250120135430, moz:debuggerAddress: 127.0.0.1:11804, moz:geckodriverVersion: 0.35.0, moz:headless: false, moz:platformVersion: 10.0, moz:processID: 35900, moz:profile: C:\Users\amolb\AppData\Loca..., moz:shutdownTimeout: 60000, moz:webdriverClick: true, moz:windowless: false, pageLoadStrategy: normal, platformName: windows, proxy: Proxy(), se:cdp: ws://127.0.0.1:11804/devtoo..., se:cdpVersion: 85.0, setWindowRect: true, strictFileInteractability: false, timeouts: {implicit: 0, pageLoad: 300000, script: 30000}, unhandledPromptBehavior: dismiss and notify, userAgent: Mozilla/5.0 (Windows NT 10....}
at org.openqa.selenium.remote.service.DriverCommandExecutor.execute(DriverCommandExecutor.java:164)
at org.openqa.selenium.remote.RemoteWebDriver.execute(RemoteWebDriver.java:545)
at org.openqa.selenium.remote.RemoteWebDriver.execute(RemoteWebDriver.java:618)
at org.openqa.selenium.remote.RemoteWebDriver.execute(RemoteWebDriver.java:622)
at org.openqa.selenium.remote.RemoteWebDriver.quit(RemoteWebDriver.java:446)
at org.openqa.selenium.firefox.FirefoxDriver.quit(FirefoxDriver.java:404)
at amazon_Project1.Project1_Amazon.LoginandQuit.quit(LoginandQuit.java:58)
at java.base/java.util.ArrayList.forEach(ArrayList.java:1597)
at java.base/java.util.concurrent.FutureTask.run(FutureTask.java:317)
at java.base/java.util.concurrent.ThreadPoolExecutor.runWorker(ThreadPoolExecutor.java:1144)
at java.base/java.util.concurrent.ThreadPoolExecutor$Worker.run(ThreadPoolExecutor.java:642)
at java.base/java.lang.Thread.run(Thread.java:1575)
Caused by: java.util.concurrent.ExecutionException: java.util.concurrent.RejectedExecutionException: Task java.util.concurrent.FutureTask@3a930f5a[Not completed, task = java.util.concurrent.Executors$RunnableAdapter@306b642a[Wrapped task = org.openqa.selenium.remote.http.jdk.JdkHttpClient$$Lambda/0x000001d72f1acf90@3eac8c57]] rejected from java.util.concurrent.ThreadPoolExecutor@86e154b[Shutting down, pool size = 3, active threads = 0, queued tasks = 0, completed tasks = 79]
at java.base/java.util.concurrent.CompletableFuture.wrapInExecutionException(CompletableFuture.java:345)
at java.base/java.util.concurrent.CompletableFuture.reportGet(CompletableFuture.java:440)
at java.base/java.util.concurrent.CompletableFuture.get(CompletableFuture.java:2140)
at org.openqa.selenium.remote.service.DriverCommandExecutor.execute(DriverCommandExecutor.java:160)
... 32 more
Caused by: java.util.concurrent.RejectedExecutionException: Task java.util.concurrent.FutureTask@3a930f5a[Not completed, task = java.util.concurrent.Executors$RunnableAdapter@306b642a[Wrapped task = org.openqa.selenium.remote.http.jdk.JdkHttpClient$$Lambda/0x000001d72f1acf90@3eac8c57]] rejected from java.util.concurrent.ThreadPoolExecutor@86e154b[Shutting down, pool size = 3, active threads = 0, queued tasks = 0, completed tasks = 79]
at java.base/java.util.concurrent.ThreadPoolExecutor$AbortPolicy.rejectedExecution(ThreadPoolExecutor.java:2082)
at java.base/java.util.concurrent.ThreadPoolExecutor.reject(ThreadPoolExecutor.java:841)
at java.base/java.util.concurrent.ThreadPoolExecutor.execute(ThreadPoolExecutor.java:1377)
at java.base/java.util.concurrent.AbstractExecutorService.submit(AbstractExecutorService.java:124)
at org.openqa.selenium.remote.http.jdk.JdkHttpClient.executeAsync(JdkHttpClient.java:380)
at org.openqa.selenium.remote.http.jdk.JdkHttpClient.execute(JdkHttpClient.java:409)
at org.openqa.selenium.remote.HttpCommandExecutor.execute(HttpCommandExecutor.java:187)
at org.openqa.selenium.remote.service.DriverCommandExecutor.invokeExecute(DriverCommandExecutor.java:216)
at org.openqa.selenium.remote.service.DriverCommandExecutor.lambda$execute$1(DriverCommandExecutor.java:126)
at java.base/java.util.concurrent.CompletableFuture$AsyncSupply.run(CompletableFuture.java:1812)
... 3 more
... Removed 21 stack frames]]>
    </failure>
  </testcase> <!-- @AfterMethod quit -->
  <testcase classname="amazon_Project1.Project1_Amazon.LoginandQuit" name="@BeforeMethod launchbrowser" time="20.368">
    <failure type="org.openqa.selenium.WebDriverException" message="Build info: version: &amp;apos;4.27.0&amp;apos;, revision: &amp;apos;d6e718d134&amp;apos;
System info: os.name: &amp;apos;Windows 11&amp;apos;, os.arch: &amp;apos;amd64&amp;apos;, os.version: &amp;apos;10.0&amp;apos;, java.version: &amp;apos;23&amp;apos;
Driver info: org.openqa.selenium.firefox.FirefoxDriver
Command: [4b521614-0525-4791-a533-6619d9ed328a, setTimeout {implicit=20000}]
Capabilities {acceptInsecureCerts: true, browserName: firefox, browserVersion: 134.0.2, moz:accessibilityChecks: false, moz:buildID: 20250120135430, moz:debuggerAddress: 127.0.0.1:10809, moz:geckodriverVersion: 0.35.0, moz:headless: false, moz:platformVersion: 10.0, moz:processID: 61520, moz:profile: C:\Users\amolb\AppData\Loca..., moz:shutdownTimeout: 60000, moz:webdriverClick: true, moz:windowless: false, pageLoadStrategy: normal, platformName: windows, proxy: Proxy(), se:cdp: ws://127.0.0.1:10809/devtoo..., se:cdpVersion: 85.0, setWindowRect: true, strictFileInteractability: false, timeouts: {implicit: 0, pageLoad: 300000, script: 30000}, unhandledPromptBehavior: dismiss and notify, userAgent: Mozilla/5.0 (Windows NT 10....}
Session ID: 4b521614-0525-4791-a533-6619d9ed328a">
      <![CDATA[org.openqa.selenium.WebDriverException: Build info: version: '4.27.0', revision: 'd6e718d134'
System info: os.name: 'Windows 11', os.arch: 'amd64', os.version: '10.0', java.version: '23'
Driver info: org.openqa.selenium.firefox.FirefoxDriver
Command: [4b521614-0525-4791-a533-6619d9ed328a, setTimeout {implicit=20000}]
Capabilities {acceptInsecureCerts: true, browserName: firefox, browserVersion: 134.0.2, moz:accessibilityChecks: false, moz:buildID: 20250120135430, moz:debuggerAddress: 127.0.0.1:10809, moz:geckodriverVersion: 0.35.0, moz:headless: false, moz:platformVersion: 10.0, moz:processID: 61520, moz:profile: C:\Users\amolb\AppData\Loca..., moz:shutdownTimeout: 60000, moz:webdriverClick: true, moz:windowless: false, pageLoadStrategy: normal, platformName: windows, proxy: Proxy(), se:cdp: ws://127.0.0.1:10809/devtoo..., se:cdpVersion: 85.0, setWindowRect: true, strictFileInteractability: false, timeouts: {implicit: 0, pageLoad: 300000, script: 30000}, unhandledPromptBehavior: dismiss and notify, userAgent: Mozilla/5.0 (Windows NT 10....}
Session ID: 4b521614-0525-4791-a533-6619d9ed328a
at org.openqa.selenium.remote.http.jdk.JdkHttpClient.execute0(JdkHttpClient.java:499)
at org.openqa.selenium.remote.http.AddSeleniumUserAgent.lambda$apply$0(AddSeleniumUserAgent.java:42)
at org.openqa.selenium.remote.http.Filter.lambda$andFinally$1(Filter.java:55)
at org.openqa.selenium.remote.http.jdk.JdkHttpClient.lambda$executeAsync$1(JdkHttpClient.java:383)
at java.base/java.util.concurrent.Executors$RunnableAdapter.call(Executors.java:572)
at java.base/java.util.concurrent.FutureTask.run(FutureTask.java:317)
at java.base/java.util.concurrent.ThreadPoolExecutor.runWorker(ThreadPoolExecutor.java:1144)
at java.base/java.util.concurrent.ThreadPoolExecutor$Worker.run(ThreadPoolExecutor.java:642)
at java.base/java.lang.Thread.run(Thread.java:1575)
Caused by: java.lang.InterruptedException
at java.base/java.util.concurrent.CompletableFuture.reportGet(CompletableFuture.java:430)
at java.base/java.util.concurrent.CompletableFuture.get(CompletableFuture.java:2117)
at java.net.http/jdk.internal.net.http.HttpClientImpl.send(HttpClientImpl.java:935)
at java.net.http/jdk.internal.net.http.HttpClientFacade.send(HttpClientFacade.java:133)
at org.openqa.selenium.remote.http.jdk.JdkHttpClient.execute0(JdkHttpClient.java:455)
... 8 more
]]>
    </failure>
  </testcase> <!-- @BeforeMethod launchbrowser -->
  <testcase classname="amazon_Project1.Project1_Amazon.LoginandQuit" name="@AfterMethod quit" time="-1.738596325365E9">
    <skipped/>
  </testcase> <!-- @AfterMethod quit -->
  <testcase classname="amazon_Project1.Project1_Amazon.LoginandQuit" name="@BeforeMethod launchbrowser" time="21.848">
    <failure type="org.openqa.selenium.NoSuchSessionException" message="Tried to run command without establishing a connection
Build info: version: &amp;apos;4.27.0&amp;apos;, revision: &amp;apos;d6e718d134&amp;apos;
System info: os.name: &amp;apos;Windows 11&amp;apos;, os.arch: &amp;apos;amd64&amp;apos;, os.version: &amp;apos;10.0&amp;apos;, java.version: &amp;apos;23&amp;apos;
Driver info: org.openqa.selenium.firefox.FirefoxDriver
Command: [98ad945d-fd7e-47a7-8d66-1940e462aeb4, setTimeout {implicit=20000}]
Capabilities {acceptInsecureCerts: true, browserName: firefox, browserVersion: 134.0.2, moz:accessibilityChecks: false, moz:buildID: 20250120135430, moz:debuggerAddress: 127.0.0.1:30005, moz:geckodriverVersion: 0.35.0, moz:headless: false, moz:platformVersion: 10.0, moz:processID: 61396, moz:profile: C:\Users\amolb\AppData\Loca..., moz:shutdownTimeout: 60000, moz:webdriverClick: true, moz:windowless: false, pageLoadStrategy: normal, platformName: windows, proxy: Proxy(), se:cdp: ws://127.0.0.1:30005/devtoo..., se:cdpVersion: 85.0, setWindowRect: true, strictFileInteractability: false, timeouts: {implicit: 0, pageLoad: 300000, script: 30000}, unhandledPromptBehavior: dismiss and notify, userAgent: Mozilla/5.0 (Windows NT 10....}
Session ID: 98ad945d-fd7e-47a7-8d66-1940e462aeb4">
      <![CDATA[org.openqa.selenium.NoSuchSessionException: Tried to run command without establishing a connection
Build info: version: '4.27.0', revision: 'd6e718d134'
System info: os.name: 'Windows 11', os.arch: 'amd64', os.version: '10.0', java.version: '23'
Driver info: org.openqa.selenium.firefox.FirefoxDriver
Command: [98ad945d-fd7e-47a7-8d66-1940e462aeb4, setTimeout {implicit=20000}]
Capabilities {acceptInsecureCerts: true, browserName: firefox, browserVersion: 134.0.2, moz:accessibilityChecks: false, moz:buildID: 20250120135430, moz:debuggerAddress: 127.0.0.1:30005, moz:geckodriverVersion: 0.35.0, moz:headless: false, moz:platformVersion: 10.0, moz:processID: 61396, moz:profile: C:\Users\amolb\AppData\Loca..., moz:shutdownTimeout: 60000, moz:webdriverClick: true, moz:windowless: false, pageLoadStrategy: normal, platformName: windows, proxy: Proxy(), se:cdp: ws://127.0.0.1:30005/devtoo..., se:cdpVersion: 85.0, setWindowRect: true, strictFileInteractability: false, timeouts: {implicit: 0, pageLoad: 300000, script: 30000}, unhandledPromptBehavior: dismiss and notify, userAgent: Mozilla/5.0 (Windows NT 10....}
Session ID: 98ad945d-fd7e-47a7-8d66-1940e462aeb4
at org.openqa.selenium.remote.ErrorCodec.decode(ErrorCodec.java:167)
at org.openqa.selenium.remote.codec.w3c.W3CHttpResponseCodec.decode(W3CHttpResponseCodec.java:138)
at org.openqa.selenium.remote.codec.w3c.W3CHttpResponseCodec.decode(W3CHttpResponseCodec.java:50)
at org.openqa.selenium.remote.HttpCommandExecutor.execute(HttpCommandExecutor.java:190)
at org.openqa.selenium.remote.service.DriverCommandExecutor.invokeExecute(DriverCommandExecutor.java:216)
at org.openqa.selenium.remote.service.DriverCommandExecutor.execute(DriverCommandExecutor.java:174)
at org.openqa.selenium.remote.RemoteWebDriver.execute(RemoteWebDriver.java:545)
at org.openqa.selenium.remote.RemoteWebDriver$RemoteWebDriverOptions$RemoteTimeouts.implicitlyWait(RemoteWebDriver.java:960)
at amazon_Project1.Project1_Amazon.LoginandQuit.launchbrowser(LoginandQuit.java:45)
at java.base/java.util.ArrayList.forEach(ArrayList.java:1597)
at java.base/java.util.concurrent.FutureTask.run(FutureTask.java:317)
at java.base/java.util.concurrent.ThreadPoolExecutor.runWorker(ThreadPoolExecutor.java:1144)
at java.base/java.util.concurrent.ThreadPoolExecutor$Worker.run(ThreadPoolExecutor.java:642)
at java.base/java.lang.Thread.run(Thread.java:1575)
... Removed 23 stack frames]]>
    </failure>
  </testcase> <!-- @BeforeMethod launchbrowser -->
  <testcase classname="amazon_Project1.Project1_Amazon.LoginandQuit" name="@AfterMethod quit" time="-1.738596347228E9">
    <skipped/>
  </testcase> <!-- @AfterMethod quit -->
  <testcase classname="amazon_Project1.Project1_Amazon.LoginandQuit" name="@BeforeMethod launchbrowser" time="18.218">
    <failure type="org.openqa.selenium.NoSuchSessionException" message="Tried to run command without establishing a connection
Build info: version: &amp;apos;4.27.0&amp;apos;, revision: &amp;apos;d6e718d134&amp;apos;
System info: os.name: &amp;apos;Windows 11&amp;apos;, os.arch: &amp;apos;amd64&amp;apos;, os.version: &amp;apos;10.0&amp;apos;, java.version: &amp;apos;23&amp;apos;
Driver info: org.openqa.selenium.firefox.FirefoxDriver
Command: [8bbadc1e-2cd0-4a71-9ba1-f2f6beb32749, setTimeout {implicit=20000}]
Capabilities {acceptInsecureCerts: true, browserName: firefox, browserVersion: 134.0.2, moz:accessibilityChecks: false, moz:buildID: 20250120135430, moz:debuggerAddress: 127.0.0.1:7616, moz:geckodriverVersion: 0.35.0, moz:headless: false, moz:platformVersion: 10.0, moz:processID: 34228, moz:profile: C:\Users\amolb\AppData\Loca..., moz:shutdownTimeout: 60000, moz:webdriverClick: true, moz:windowless: false, pageLoadStrategy: normal, platformName: windows, proxy: Proxy(), se:cdp: ws://127.0.0.1:7616/devtool..., se:cdpVersion: 85.0, setWindowRect: true, strictFileInteractability: false, timeouts: {implicit: 0, pageLoad: 300000, script: 30000}, unhandledPromptBehavior: dismiss and notify, userAgent: Mozilla/5.0 (Windows NT 10....}
Session ID: 8bbadc1e-2cd0-4a71-9ba1-f2f6beb32749">
      <![CDATA[org.openqa.selenium.NoSuchSessionException: Tried to run command without establishing a connection
Build info: version: '4.27.0', revision: 'd6e718d134'
System info: os.name: 'Windows 11', os.arch: 'amd64', os.version: '10.0', java.version: '23'
Driver info: org.openqa.selenium.firefox.FirefoxDriver
Command: [8bbadc1e-2cd0-4a71-9ba1-f2f6beb32749, setTimeout {implicit=20000}]
Capabilities {acceptInsecureCerts: true, browserName: firefox, browserVersion: 134.0.2, moz:accessibilityChecks: false, moz:buildID: 20250120135430, moz:debuggerAddress: 127.0.0.1:7616, moz:geckodriverVersion: 0.35.0, moz:headless: false, moz:platformVersion: 10.0, moz:processID: 34228, moz:profile: C:\Users\amolb\AppData\Loca..., moz:shutdownTimeout: 60000, moz:webdriverClick: true, moz:windowless: false, pageLoadStrategy: normal, platformName: windows, proxy: Proxy(), se:cdp: ws://127.0.0.1:7616/devtool..., se:cdpVersion: 85.0, setWindowRect: true, strictFileInteractability: false, timeouts: {implicit: 0, pageLoad: 300000, script: 30000}, unhandledPromptBehavior: dismiss and notify, userAgent: Mozilla/5.0 (Windows NT 10....}
Session ID: 8bbadc1e-2cd0-4a71-9ba1-f2f6beb32749
at org.openqa.selenium.remote.ErrorCodec.decode(ErrorCodec.java:167)
at org.openqa.selenium.remote.codec.w3c.W3CHttpResponseCodec.decode(W3CHttpResponseCodec.java:138)
at org.openqa.selenium.remote.codec.w3c.W3CHttpResponseCodec.decode(W3CHttpResponseCodec.java:50)
at org.openqa.selenium.remote.HttpCommandExecutor.execute(HttpCommandExecutor.java:190)
at org.openqa.selenium.remote.service.DriverCommandExecutor.invokeExecute(DriverCommandExecutor.java:216)
at org.openqa.selenium.remote.service.DriverCommandExecutor.execute(DriverCommandExecutor.java:174)
at org.openqa.selenium.remote.RemoteWebDriver.execute(RemoteWebDriver.java:545)
at org.openqa.selenium.remote.RemoteWebDriver$RemoteWebDriverOptions$RemoteTimeouts.implicitlyWait(RemoteWebDriver.java:960)
at amazon_Project1.Project1_Amazon.LoginandQuit.launchbrowser(LoginandQuit.java:45)
at java.base/java.util.ArrayList.forEach(ArrayList.java:1597)
at java.base/java.util.concurrent.FutureTask.run(FutureTask.java:317)
at java.base/java.util.concurrent.ThreadPoolExecutor.runWorker(ThreadPoolExecutor.java:1144)
at java.base/java.util.concurrent.ThreadPoolExecutor$Worker.run(ThreadPoolExecutor.java:642)
at java.base/java.lang.Thread.run(Thread.java:1575)
... Removed 23 stack frames]]>
    </failure>
  </testcase> <!-- @BeforeMethod launchbrowser -->
  <testcase classname="amazon_Project1.Project1_Amazon.LoginandQuit" name="@AfterMethod quit" time="-1.738596365458E9">
    <skipped/>
  </testcase> <!-- @AfterMethod quit -->
  <testcase classname="amazon_Project1.Project1_Amazon.LoginandQuit" name="@BeforeMethod launchbrowser" time="19.544">
    <failure type="org.openqa.selenium.NoSuchSessionException" message="Tried to run command without establishing a connection
Build info: version: &amp;apos;4.27.0&amp;apos;, revision: &amp;apos;d6e718d134&amp;apos;
System info: os.name: &amp;apos;Windows 11&amp;apos;, os.arch: &amp;apos;amd64&amp;apos;, os.version: &amp;apos;10.0&amp;apos;, java.version: &amp;apos;23&amp;apos;
Driver info: org.openqa.selenium.firefox.FirefoxDriver
Command: [99ad864c-7f29-4e26-8a18-0a854c7c30a9, setTimeout {implicit=20000}]
Capabilities {acceptInsecureCerts: true, browserName: firefox, browserVersion: 134.0.2, moz:accessibilityChecks: false, moz:buildID: 20250120135430, moz:debuggerAddress: 127.0.0.1:35553, moz:geckodriverVersion: 0.35.0, moz:headless: false, moz:platformVersion: 10.0, moz:processID: 19868, moz:profile: C:\Users\amolb\AppData\Loca..., moz:shutdownTimeout: 60000, moz:webdriverClick: true, moz:windowless: false, pageLoadStrategy: normal, platformName: windows, proxy: Proxy(), se:cdp: ws://127.0.0.1:35553/devtoo..., se:cdpVersion: 85.0, setWindowRect: true, strictFileInteractability: false, timeouts: {implicit: 0, pageLoad: 300000, script: 30000}, unhandledPromptBehavior: dismiss and notify, userAgent: Mozilla/5.0 (Windows NT 10....}
Session ID: 99ad864c-7f29-4e26-8a18-0a854c7c30a9">
      <![CDATA[org.openqa.selenium.NoSuchSessionException: Tried to run command without establishing a connection
Build info: version: '4.27.0', revision: 'd6e718d134'
System info: os.name: 'Windows 11', os.arch: 'amd64', os.version: '10.0', java.version: '23'
Driver info: org.openqa.selenium.firefox.FirefoxDriver
Command: [99ad864c-7f29-4e26-8a18-0a854c7c30a9, setTimeout {implicit=20000}]
Capabilities {acceptInsecureCerts: true, browserName: firefox, browserVersion: 134.0.2, moz:accessibilityChecks: false, moz:buildID: 20250120135430, moz:debuggerAddress: 127.0.0.1:35553, moz:geckodriverVersion: 0.35.0, moz:headless: false, moz:platformVersion: 10.0, moz:processID: 19868, moz:profile: C:\Users\amolb\AppData\Loca..., moz:shutdownTimeout: 60000, moz:webdriverClick: true, moz:windowless: false, pageLoadStrategy: normal, platformName: windows, proxy: Proxy(), se:cdp: ws://127.0.0.1:35553/devtoo..., se:cdpVersion: 85.0, setWindowRect: true, strictFileInteractability: false, timeouts: {implicit: 0, pageLoad: 300000, script: 30000}, unhandledPromptBehavior: dismiss and notify, userAgent: Mozilla/5.0 (Windows NT 10....}
Session ID: 99ad864c-7f29-4e26-8a18-0a854c7c30a9
at org.openqa.selenium.remote.ErrorCodec.decode(ErrorCodec.java:167)
at org.openqa.selenium.remote.codec.w3c.W3CHttpResponseCodec.decode(W3CHttpResponseCodec.java:138)
at org.openqa.selenium.remote.codec.w3c.W3CHttpResponseCodec.decode(W3CHttpResponseCodec.java:50)
at org.openqa.selenium.remote.HttpCommandExecutor.execute(HttpCommandExecutor.java:190)
at org.openqa.selenium.remote.service.DriverCommandExecutor.invokeExecute(DriverCommandExecutor.java:216)
at org.openqa.selenium.remote.service.DriverCommandExecutor.execute(DriverCommandExecutor.java:174)
at org.openqa.selenium.remote.RemoteWebDriver.execute(RemoteWebDriver.java:545)
at org.openqa.selenium.remote.RemoteWebDriver$RemoteWebDriverOptions$RemoteTimeouts.implicitlyWait(RemoteWebDriver.java:960)
at amazon_Project1.Project1_Amazon.LoginandQuit.launchbrowser(LoginandQuit.java:45)
at java.base/java.util.ArrayList.forEach(ArrayList.java:1597)
at java.base/java.util.concurrent.FutureTask.run(FutureTask.java:317)
at java.base/java.util.concurrent.ThreadPoolExecutor.runWorker(ThreadPoolExecutor.java:1144)
at java.base/java.util.concurrent.ThreadPoolExecutor$Worker.run(ThreadPoolExecutor.java:642)
at java.base/java.lang.Thread.run(Thread.java:1575)
... Removed 23 stack frames]]>
    </failure>
  </testcase> <!-- @BeforeMethod launchbrowser -->
  <testcase classname="amazon_Project1.Project1_Amazon.LoginandQuit" name="@AfterMethod quit" time="-1.738596385225E9">
    <skipped/>
  </testcase> <!-- @AfterMethod quit -->
  <testcase classname="amazon_Project1.Project1_Amazon.LoginandQuit" name="@BeforeMethod launchbrowser" time="-1.738596385226E9">
    <skipped/>
  </testcase> <!-- @BeforeMethod launchbrowser -->
  <testcase classname="amazon_Project1.Project1_Amazon.LoginandQuit" name="@AfterMethod quit" time="-1.738596385228E9">
    <skipped/>
  </testcase> <!-- @AfterMethod quit -->
  <testcase classname="amazon_Project1.Project1_Amazon.LoginandQuit" name="@AfterMethod quit" time="2.101">
    <failure type="org.openqa.selenium.WebDriverException" message="Timed out waiting for driver server to stop.
Build info: version: &amp;apos;4.27.0&amp;apos;, revision: &amp;apos;d6e718d134&amp;apos;
System info: os.name: &amp;apos;Windows 11&amp;apos;, os.arch: &amp;apos;amd64&amp;apos;, os.version: &amp;apos;10.0&amp;apos;, java.version: &amp;apos;23&amp;apos;
Driver info: org.openqa.selenium.firefox.FirefoxDriver
Command: [dca9764a-652a-43f8-bfca-1fdabd77d3d2, quit {}]
Capabilities {acceptInsecureCerts: true, browserName: firefox, browserVersion: 134.0.2, moz:accessibilityChecks: false, moz:buildID: 20250120135430, moz:debuggerAddress: 127.0.0.1:19809, moz:geckodriverVersion: 0.35.0, moz:headless: false, moz:platformVersion: 10.0, moz:processID: 31640, moz:profile: C:\Users\amolb\AppData\Loca..., moz:shutdownTimeout: 60000, moz:webdriverClick: true, moz:windowless: false, pageLoadStrategy: normal, platformName: windows, proxy: Proxy(), se:cdp: ws://127.0.0.1:19809/devtoo..., se:cdpVersion: 85.0, setWindowRect: true, strictFileInteractability: false, timeouts: {implicit: 0, pageLoad: 300000, script: 30000}, unhandledPromptBehavior: dismiss and notify, userAgent: Mozilla/5.0 (Windows NT 10....}">
      <![CDATA[org.openqa.selenium.WebDriverException: Timed out waiting for driver server to stop.
Build info: version: '4.27.0', revision: 'd6e718d134'
System info: os.name: 'Windows 11', os.arch: 'amd64', os.version: '10.0', java.version: '23'
Driver info: org.openqa.selenium.firefox.FirefoxDriver
Command: [dca9764a-652a-43f8-bfca-1fdabd77d3d2, quit {}]
Capabilities {acceptInsecureCerts: true, browserName: firefox, browserVersion: 134.0.2, moz:accessibilityChecks: false, moz:buildID: 20250120135430, moz:debuggerAddress: 127.0.0.1:19809, moz:geckodriverVersion: 0.35.0, moz:headless: false, moz:platformVersion: 10.0, moz:processID: 31640, moz:profile: C:\Users\amolb\AppData\Loca..., moz:shutdownTimeout: 60000, moz:webdriverClick: true, moz:windowless: false, pageLoadStrategy: normal, platformName: windows, proxy: Proxy(), se:cdp: ws://127.0.0.1:19809/devtoo..., se:cdpVersion: 85.0, setWindowRect: true, strictFileInteractability: false, timeouts: {implicit: 0, pageLoad: 300000, script: 30000}, unhandledPromptBehavior: dismiss and notify, userAgent: Mozilla/5.0 (Windows NT 10....}
at org.openqa.selenium.remote.service.DriverCommandExecutor.execute(DriverCommandExecutor.java:164)
at org.openqa.selenium.remote.RemoteWebDriver.execute(RemoteWebDriver.java:545)
at org.openqa.selenium.remote.RemoteWebDriver.execute(RemoteWebDriver.java:618)
at org.openqa.selenium.remote.RemoteWebDriver.execute(RemoteWebDriver.java:622)
at org.openqa.selenium.remote.RemoteWebDriver.quit(RemoteWebDriver.java:446)
at org.openqa.selenium.firefox.FirefoxDriver.quit(FirefoxDriver.java:404)
at amazon_Project1.Project1_Amazon.LoginandQuit.quit(LoginandQuit.java:58)
at java.base/java.util.ArrayList.forEach(ArrayList.java:1597)
at java.base/java.util.concurrent.FutureTask.run(FutureTask.java:317)
at java.base/java.util.concurrent.ThreadPoolExecutor.runWorker(ThreadPoolExecutor.java:1144)
at java.base/java.util.concurrent.ThreadPoolExecutor$Worker.run(ThreadPoolExecutor.java:642)
at java.base/java.lang.Thread.run(Thread.java:1575)
Caused by: java.util.concurrent.ExecutionException: java.util.concurrent.RejectedExecutionException: Task java.util.concurrent.FutureTask@14f6afd2[Not completed, task = java.util.concurrent.Executors$RunnableAdapter@1e0ec4a2[Wrapped task = org.openqa.selenium.remote.http.jdk.JdkHttpClient$$Lambda/0x000001d72f1acf90@10c93913]] rejected from java.util.concurrent.ThreadPoolExecutor@35c6f873[Shutting down, pool size = 2, active threads = 0, queued tasks = 0, completed tasks = 57]
at java.base/java.util.concurrent.CompletableFuture.wrapInExecutionException(CompletableFuture.java:345)
at java.base/java.util.concurrent.CompletableFuture.reportGet(CompletableFuture.java:440)
at java.base/java.util.concurrent.CompletableFuture.get(CompletableFuture.java:2140)
at org.openqa.selenium.remote.service.DriverCommandExecutor.execute(DriverCommandExecutor.java:160)
... 32 more
Caused by: java.util.concurrent.RejectedExecutionException: Task java.util.concurrent.FutureTask@14f6afd2[Not completed, task = java.util.concurrent.Executors$RunnableAdapter@1e0ec4a2[Wrapped task = org.openqa.selenium.remote.http.jdk.JdkHttpClient$$Lambda/0x000001d72f1acf90@10c93913]] rejected from java.util.concurrent.ThreadPoolExecutor@35c6f873[Shutting down, pool size = 2, active threads = 0, queued tasks = 0, completed tasks = 57]
at java.base/java.util.concurrent.ThreadPoolExecutor$AbortPolicy.rejectedExecution(ThreadPoolExecutor.java:2082)
at java.base/java.util.concurrent.ThreadPoolExecutor.reject(ThreadPoolExecutor.java:841)
at java.base/java.util.concurrent.ThreadPoolExecutor.execute(ThreadPoolExecutor.java:1377)
at java.base/java.util.concurrent.AbstractExecutorService.submit(AbstractExecutorService.java:124)
at org.openqa.selenium.remote.http.jdk.JdkHttpClient.executeAsync(JdkHttpClient.java:380)
at org.openqa.selenium.remote.http.jdk.JdkHttpClient.execute(JdkHttpClient.java:409)
at org.openqa.selenium.remote.HttpCommandExecutor.execute(HttpCommandExecutor.java:187)
at org.openqa.selenium.remote.service.DriverCommandExecutor.invokeExecute(DriverCommandExecutor.java:216)
at org.openqa.selenium.remote.service.DriverCommandExecutor.lambda$execute$1(DriverCommandExecutor.java:126)
at java.base/java.util.concurrent.CompletableFuture$AsyncSupply.run(CompletableFuture.java:1812)
... 3 more
... Removed 21 stack frames]]>
    </failure>
  </testcase> <!-- @AfterMethod quit -->
  <testcase classname="amazon_Project1.Project1_Amazon.LoginandQuit" name="@BeforeMethod launchbrowser" time="-1.738596421953E9">
    <skipped/>
  </testcase> <!-- @BeforeMethod launchbrowser -->
  <testcase classname="amazon_Project1.Project1_Amazon.LoginandQuit" name="@AfterMethod quit" time="-1.738596421957E9">
    <skipped/>
  </testcase> <!-- @AfterMethod quit -->
  <testcase classname="amazon_Project1.Project1_Amazon.LoginandQuit" name="@BeforeMethod launchbrowser" time="26.691">
    <failure type="org.openqa.selenium.WebDriverException" message="Build info: version: &amp;apos;4.27.0&amp;apos;, revision: &amp;apos;d6e718d134&amp;apos;
System info: os.name: &amp;apos;Windows 11&amp;apos;, os.arch: &amp;apos;amd64&amp;apos;, os.version: &amp;apos;10.0&amp;apos;, java.version: &amp;apos;23&amp;apos;
Driver info: org.openqa.selenium.firefox.FirefoxDriver
Command: [a2d9b167-563e-488c-b5e7-ae68f7098377, setTimeout {implicit=20000}]
Capabilities {acceptInsecureCerts: true, browserName: firefox, browserVersion: 134.0.2, moz:accessibilityChecks: false, moz:buildID: 20250120135430, moz:debuggerAddress: 127.0.0.1:27447, moz:geckodriverVersion: 0.35.0, moz:headless: false, moz:platformVersion: 10.0, moz:processID: 43872, moz:profile: C:\Users\amolb\AppData\Loca..., moz:shutdownTimeout: 60000, moz:webdriverClick: true, moz:windowless: false, pageLoadStrategy: normal, platformName: windows, proxy: Proxy(), se:cdp: ws://127.0.0.1:27447/devtoo..., se:cdpVersion: 85.0, setWindowRect: true, strictFileInteractability: false, timeouts: {implicit: 0, pageLoad: 300000, script: 30000}, unhandledPromptBehavior: dismiss and notify, userAgent: Mozilla/5.0 (Windows NT 10....}
Session ID: a2d9b167-563e-488c-b5e7-ae68f7098377">
      <![CDATA[org.openqa.selenium.WebDriverException: Build info: version: '4.27.0', revision: 'd6e718d134'
System info: os.name: 'Windows 11', os.arch: 'amd64', os.version: '10.0', java.version: '23'
Driver info: org.openqa.selenium.firefox.FirefoxDriver
Command: [a2d9b167-563e-488c-b5e7-ae68f7098377, setTimeout {implicit=20000}]
Capabilities {acceptInsecureCerts: true, browserName: firefox, browserVersion: 134.0.2, moz:accessibilityChecks: false, moz:buildID: 20250120135430, moz:debuggerAddress: 127.0.0.1:27447, moz:geckodriverVersion: 0.35.0, moz:headless: false, moz:platformVersion: 10.0, moz:processID: 43872, moz:profile: C:\Users\amolb\AppData\Loca..., moz:shutdownTimeout: 60000, moz:webdriverClick: true, moz:windowless: false, pageLoadStrategy: normal, platformName: windows, proxy: Proxy(), se:cdp: ws://127.0.0.1:27447/devtoo..., se:cdpVersion: 85.0, setWindowRect: true, strictFileInteractability: false, timeouts: {implicit: 0, pageLoad: 300000, script: 30000}, unhandledPromptBehavior: dismiss and notify, userAgent: Mozilla/5.0 (Windows NT 10....}
Session ID: a2d9b167-563e-488c-b5e7-ae68f7098377
at org.openqa.selenium.remote.http.jdk.JdkHttpClient.execute0(JdkHttpClient.java:499)
at org.openqa.selenium.remote.http.AddSeleniumUserAgent.lambda$apply$0(AddSeleniumUserAgent.java:42)
at org.openqa.selenium.remote.http.Filter.lambda$andFinally$1(Filter.java:55)
at org.openqa.selenium.remote.http.jdk.JdkHttpClient.lambda$executeAsync$1(JdkHttpClient.java:383)
at java.base/java.util.concurrent.Executors$RunnableAdapter.call(Executors.java:572)
at java.base/java.util.concurrent.FutureTask.run(FutureTask.java:317)
at java.base/java.util.concurrent.ThreadPoolExecutor.runWorker(ThreadPoolExecutor.java:1144)
at java.base/java.util.concurrent.ThreadPoolExecutor$Worker.run(ThreadPoolExecutor.java:642)
at java.base/java.lang.Thread.run(Thread.java:1575)
Caused by: java.lang.InterruptedException
at java.base/java.util.concurrent.CompletableFuture.reportGet(CompletableFuture.java:430)
at java.base/java.util.concurrent.CompletableFuture.get(CompletableFuture.java:2117)
at java.net.http/jdk.internal.net.http.HttpClientImpl.send(HttpClientImpl.java:935)
at java.net.http/jdk.internal.net.http.HttpClientFacade.send(HttpClientFacade.java:133)
at org.openqa.selenium.remote.http.jdk.JdkHttpClient.execute0(JdkHttpClient.java:455)
... 8 more
]]>
    </failure>
  </testcase> <!-- @BeforeMethod launchbrowser -->
  <testcase classname="amazon_Project1.Project1_Amazon.LoginandQuit" name="@AfterMethod quit" time="-1.738596614059E9">
    <skipped/>
  </testcase> <!-- @AfterMethod quit -->
  <testcase classname="amazon_Project1.Project1_Amazon.TestCase10_AddandRemoveCart_Project1" name="addandremove" time="27.544">
    <skipped/>
  </testcase> <!-- addandremove -->
  <testcase classname="amazon_Project1.Project1_Amazon.TestCase10_AddandRemoveCart_Project1" name="addandremove" time="26.321">
    <failure type="org.openqa.selenium.WebDriverException" message="Build info: version: &amp;apos;4.27.0&amp;apos;, revision: &amp;apos;d6e718d134&amp;apos;
System info: os.name: &amp;apos;Windows 11&amp;apos;, os.arch: &amp;apos;amd64&amp;apos;, os.version: &amp;apos;10.0&amp;apos;, java.version: &amp;apos;23&amp;apos;
Driver info: org.openqa.selenium.firefox.FirefoxDriver
Command: [2c1cd64b-1a45-46dc-ba21-627e35ee89ea, findElement {using=id, value=ap_password}]
Capabilities {acceptInsecureCerts: true, browserName: firefox, browserVersion: 134.0.2, moz:accessibilityChecks: false, moz:buildID: 20250120135430, moz:debuggerAddress: 127.0.0.1:34324, moz:geckodriverVersion: 0.35.0, moz:headless: false, moz:platformVersion: 10.0, moz:processID: 13136, moz:profile: C:\Users\amolb\AppData\Loca..., moz:shutdownTimeout: 60000, moz:webdriverClick: true, moz:windowless: false, pageLoadStrategy: normal, platformName: windows, proxy: Proxy(), se:cdp: ws://127.0.0.1:34324/devtoo..., se:cdpVersion: 85.0, setWindowRect: true, strictFileInteractability: false, timeouts: {implicit: 0, pageLoad: 300000, script: 30000}, unhandledPromptBehavior: dismiss and notify, userAgent: Mozilla/5.0 (Windows NT 10....}
Session ID: 2c1cd64b-1a45-46dc-ba21-627e35ee89ea">
      <![CDATA[org.openqa.selenium.WebDriverException: Build info: version: '4.27.0', revision: 'd6e718d134'
System info: os.name: 'Windows 11', os.arch: 'amd64', os.version: '10.0', java.version: '23'
Driver info: org.openqa.selenium.firefox.FirefoxDriver
Command: [2c1cd64b-1a45-46dc-ba21-627e35ee89ea, findElement {using=id, value=ap_password}]
Capabilities {acceptInsecureCerts: true, browserName: firefox, browserVersion: 134.0.2, moz:accessibilityChecks: false, moz:buildID: 20250120135430, moz:debuggerAddress: 127.0.0.1:34324, moz:geckodriverVersion: 0.35.0, moz:headless: false, moz:platformVersion: 10.0, moz:processID: 13136, moz:profile: C:\Users\amolb\AppData\Loca..., moz:shutdownTimeout: 60000, moz:webdriverClick: true, moz:windowless: false, pageLoadStrategy: normal, platformName: windows, proxy: Proxy(), se:cdp: ws://127.0.0.1:34324/devtoo..., se:cdpVersion: 85.0, setWindowRect: true, strictFileInteractability: false, timeouts: {implicit: 0, pageLoad: 300000, script: 30000}, unhandledPromptBehavior: dismiss and notify, userAgent: Mozilla/5.0 (Windows NT 10....}
Session ID: 2c1cd64b-1a45-46dc-ba21-627e35ee89ea
at org.openqa.selenium.remote.http.jdk.JdkHttpClient.execute0(JdkHttpClient.java:499)
at org.openqa.selenium.remote.http.AddSeleniumUserAgent.lambda$apply$0(AddSeleniumUserAgent.java:42)
at org.openqa.selenium.remote.http.Filter.lambda$andFinally$1(Filter.java:55)
at org.openqa.selenium.remote.http.jdk.JdkHttpClient.lambda$executeAsync$1(JdkHttpClient.java:383)
at java.base/java.util.concurrent.Executors$RunnableAdapter.call(Executors.java:572)
at java.base/java.util.concurrent.FutureTask.run(FutureTask.java:317)
at java.base/java.util.concurrent.ThreadPoolExecutor.runWorker(ThreadPoolExecutor.java:1144)
at java.base/java.util.concurrent.ThreadPoolExecutor$Worker.run(ThreadPoolExecutor.java:642)
at java.base/java.lang.Thread.run(Thread.java:1575)
Caused by: java.lang.InterruptedException
at java.base/java.util.concurrent.CompletableFuture.reportGet(CompletableFuture.java:430)
at java.base/java.util.concurrent.CompletableFuture.get(CompletableFuture.java:2117)
at java.net.http/jdk.internal.net.http.HttpClientImpl.send(HttpClientImpl.java:935)
at java.net.http/jdk.internal.net.http.HttpClientFacade.send(HttpClientFacade.java:133)
at org.openqa.selenium.remote.http.jdk.JdkHttpClient.execute0(JdkHttpClient.java:455)
... 8 more
]]>
    </failure>
  </testcase> <!-- addandremove -->
  <testcase classname="amazon_Project1.Project1_Amazon.Testcase01_Registration" name="registration" time="43.062">
    <skipped/>
  </testcase> <!-- registration -->
  <testcase classname="amazon_Project1.Project1_Amazon.Testcase01_Registration" name="registration" time="2.034"/>
  <testcase classname="amazon_Project1.Project1_Amazon.TestCase09_Addtocart_Project1" name="addtocart" time="24.678">
    <skipped/>
  </testcase> <!-- addtocart -->
  <testcase classname="amazon_Project1.Project1_Amazon.TestCase09_Addtocart_Project1" name="addtocart" time="4.803">
    <failure type="org.openqa.selenium.NoSuchElementException" message="Unable to locate element: *[name=&amp;apos;email&amp;apos;]
For documentation on this error, please visit: https://www.selenium.dev/documentation/webdriver/troubleshooting/errors#no-such-element-exception
Build info: version: &amp;apos;4.27.0&amp;apos;, revision: &amp;apos;d6e718d134&amp;apos;
System info: os.name: &amp;apos;Windows 11&amp;apos;, os.arch: &amp;apos;amd64&amp;apos;, os.version: &amp;apos;10.0&amp;apos;, java.version: &amp;apos;23&amp;apos;
Driver info: org.openqa.selenium.firefox.FirefoxDriver
Command: [2ae13fed-faee-42c4-8f6a-868fe2f526db, findElement {using=name, value=email}]
Capabilities {acceptInsecureCerts: true, browserName: firefox, browserVersion: 134.0.2, moz:accessibilityChecks: false, moz:buildID: 20250120135430, moz:debuggerAddress: 127.0.0.1:16066, moz:geckodriverVersion: 0.35.0, moz:headless: false, moz:platformVersion: 10.0, moz:processID: 45772, moz:profile: C:\Users\amolb\AppData\Loca..., moz:shutdownTimeout: 60000, moz:webdriverClick: true, moz:windowless: false, pageLoadStrategy: normal, platformName: windows, proxy: Proxy(), se:cdp: ws://127.0.0.1:16066/devtoo..., se:cdpVersion: 85.0, setWindowRect: true, strictFileInteractability: false, timeouts: {implicit: 0, pageLoad: 300000, script: 30000}, unhandledPromptBehavior: dismiss and notify, userAgent: Mozilla/5.0 (Windows NT 10....}
Session ID: 2ae13fed-faee-42c4-8f6a-868fe2f526db">
      <![CDATA[org.openqa.selenium.NoSuchElementException: Unable to locate element: *[name='email']
For documentation on this error, please visit: https://www.selenium.dev/documentation/webdriver/troubleshooting/errors#no-such-element-exception
Build info: version: '4.27.0', revision: 'd6e718d134'
System info: os.name: 'Windows 11', os.arch: 'amd64', os.version: '10.0', java.version: '23'
Driver info: org.openqa.selenium.firefox.FirefoxDriver
Command: [2ae13fed-faee-42c4-8f6a-868fe2f526db, findElement {using=name, value=email}]
Capabilities {acceptInsecureCerts: true, browserName: firefox, browserVersion: 134.0.2, moz:accessibilityChecks: false, moz:buildID: 20250120135430, moz:debuggerAddress: 127.0.0.1:16066, moz:geckodriverVersion: 0.35.0, moz:headless: false, moz:platformVersion: 10.0, moz:processID: 45772, moz:profile: C:\Users\amolb\AppData\Loca..., moz:shutdownTimeout: 60000, moz:webdriverClick: true, moz:windowless: false, pageLoadStrategy: normal, platformName: windows, proxy: Proxy(), se:cdp: ws://127.0.0.1:16066/devtoo..., se:cdpVersion: 85.0, setWindowRect: true, strictFileInteractability: false, timeouts: {implicit: 0, pageLoad: 300000, script: 30000}, unhandledPromptBehavior: dismiss and notify, userAgent: Mozilla/5.0 (Windows NT 10....}
Session ID: 2ae13fed-faee-42c4-8f6a-868fe2f526db
at org.openqa.selenium.remote.ErrorCodec.decode(ErrorCodec.java:167)
at org.openqa.selenium.remote.codec.w3c.W3CHttpResponseCodec.decode(W3CHttpResponseCodec.java:138)
at org.openqa.selenium.remote.codec.w3c.W3CHttpResponseCodec.decode(W3CHttpResponseCodec.java:50)
at org.openqa.selenium.remote.HttpCommandExecutor.execute(HttpCommandExecutor.java:190)
at org.openqa.selenium.remote.service.DriverCommandExecutor.invokeExecute(DriverCommandExecutor.java:216)
at org.openqa.selenium.remote.service.DriverCommandExecutor.execute(DriverCommandExecutor.java:174)
at org.openqa.selenium.remote.RemoteWebDriver.execute(RemoteWebDriver.java:545)
at org.openqa.selenium.remote.ElementLocation$ElementFinder$2.findElement(ElementLocation.java:165)
at org.openqa.selenium.remote.ElementLocation.findElement(ElementLocation.java:66)
at org.openqa.selenium.remote.RemoteWebDriver.findElement(RemoteWebDriver.java:368)
at org.openqa.selenium.remote.RemoteWebDriver.findElement(RemoteWebDriver.java:362)
at org.openqa.selenium.support.pagefactory.DefaultElementLocator.findElement(DefaultElementLocator.java:68)
at org.openqa.selenium.support.pagefactory.internal.LocatingElementHandler.invoke(LocatingElementHandler.java:38)
at jdk.proxy2/jdk.proxy2.$Proxy17.sendKeys(Unknown Source)
at amazon_Project1.Project1_Amazon.LoginPage_Project1.un(LoginPage_Project1.java:29)
at amazon_Project1.Project1_Amazon.TestCase09_Addtocart_Project1.addtocart(TestCase09_Addtocart_Project1.java:14)
at java.base/java.util.ArrayList.forEach(ArrayList.java:1597)
at java.base/java.util.concurrent.FutureTask.run(FutureTask.java:317)
at java.base/java.util.concurrent.ThreadPoolExecutor.runWorker(ThreadPoolExecutor.java:1144)
at java.base/java.util.concurrent.ThreadPoolExecutor$Worker.run(ThreadPoolExecutor.java:642)
at java.base/java.lang.Thread.run(Thread.java:1575)
... Removed 19 stack frames]]>
    </failure>
  </testcase> <!-- addtocart -->
  <testcase classname="amazon_Project1.Project1_Amazon.Testcase15_Cartpage_Withoutlogin" name="cartpage_withoutlogin" time="8.942">
    <skipped/>
  </testcase> <!-- cartpage_withoutlogin -->
  <testcase classname="amazon_Project1.Project1_Amazon.Testcase15_Cartpage_Withoutlogin" name="cartpage_withoutlogin" time="8.393">
    <failure type="java.util.NoSuchElementException">
      <![CDATA[java.util.NoSuchElementException
at java.base/java.util.LinkedHashMap$LinkedHashIterator.nextNode(LinkedHashMap.java:1026)
at java.base/java.util.LinkedHashMap$LinkedKeyIterator.next(LinkedHashMap.java:1047)
at amazon_Project1.Project1_Amazon.Product1page_Project1.product(Product1page_Project1.java:46)
at amazon_Project1.Project1_Amazon.Testcase15_Cartpage_Withoutlogin.cartpage_withoutlogin(Testcase15_Cartpage_Withoutlogin.java:12)
at java.base/java.util.ArrayList.forEach(ArrayList.java:1597)
at java.base/java.util.concurrent.FutureTask.run(FutureTask.java:317)
at java.base/java.util.concurrent.ThreadPoolExecutor.runWorker(ThreadPoolExecutor.java:1144)
at java.base/java.util.concurrent.ThreadPoolExecutor$Worker.run(ThreadPoolExecutor.java:642)
at java.base/java.lang.Thread.run(Thread.java:1575)
... Removed 16 stack frames]]>
    </failure>
  </testcase> <!-- cartpage_withoutlogin -->
  <testcase classname="amazon_Project1.Project1_Amazon.TestCase04_Editprofile" name="editprofile" time="13.652">
    <skipped/>
  </testcase> <!-- editprofile -->
  <testcase classname="amazon_Project1.Project1_Amazon.TestCase04_Editprofile" name="editprofile" time="12.69">
    <failure type="org.openqa.selenium.NoSuchElementException" message="The element with the reference f.E3CD8D40629325330B0C5ABCB6209203.d.22376D9CD1A434F0D58627FFEB10EB8E.e.261 is not known in the current browsing context
For documentation on this error, please visit: https://www.selenium.dev/documentation/webdriver/troubleshooting/errors#no-such-element-exception
Build info: version: &amp;apos;4.27.0&amp;apos;, revision: &amp;apos;d6e718d134&amp;apos;
System info: os.name: &amp;apos;Windows 11&amp;apos;, os.arch: &amp;apos;amd64&amp;apos;, os.version: &amp;apos;10.0&amp;apos;, java.version: &amp;apos;23&amp;apos;
Driver info: org.openqa.selenium.firefox.FirefoxDriver
Command: [3874bcc1-4915-451c-825c-9dfa2c8fc710, actions {actions=[org.openqa.selenium.interactions.Sequence@18a2f92a]}]
Capabilities {acceptInsecureCerts: true, browserName: firefox, browserVersion: 134.0.2, moz:accessibilityChecks: false, moz:buildID: 20250120135430, moz:debuggerAddress: 127.0.0.1:7103, moz:geckodriverVersion: 0.35.0, moz:headless: false, moz:platformVersion: 10.0, moz:processID: 46676, moz:profile: C:\Users\amolb\AppData\Loca..., moz:shutdownTimeout: 60000, moz:webdriverClick: true, moz:windowless: false, pageLoadStrategy: normal, platformName: windows, proxy: Proxy(), se:cdp: ws://127.0.0.1:7103/devtool..., se:cdpVersion: 85.0, setWindowRect: true, strictFileInteractability: false, timeouts: {implicit: 0, pageLoad: 300000, script: 30000}, unhandledPromptBehavior: dismiss and notify, userAgent: Mozilla/5.0 (Windows NT 10....}
Session ID: 3874bcc1-4915-451c-825c-9dfa2c8fc710">
      <![CDATA[org.openqa.selenium.NoSuchElementException: The element with the reference f.E3CD8D40629325330B0C5ABCB6209203.d.22376D9CD1A434F0D58627FFEB10EB8E.e.261 is not known in the current browsing context
For documentation on this error, please visit: https://www.selenium.dev/documentation/webdriver/troubleshooting/errors#no-such-element-exception
Build info: version: '4.27.0', revision: 'd6e718d134'
System info: os.name: 'Windows 11', os.arch: 'amd64', os.version: '10.0', java.version: '23'
Driver info: org.openqa.selenium.firefox.FirefoxDriver
Command: [3874bcc1-4915-451c-825c-9dfa2c8fc710, actions {actions=[org.openqa.selenium.interactions.Sequence@18a2f92a]}]
Capabilities {acceptInsecureCerts: true, browserName: firefox, browserVersion: 134.0.2, moz:accessibilityChecks: false, moz:buildID: 20250120135430, moz:debuggerAddress: 127.0.0.1:7103, moz:geckodriverVersion: 0.35.0, moz:headless: false, moz:platformVersion: 10.0, moz:processID: 46676, moz:profile: C:\Users\amolb\AppData\Loca..., moz:shutdownTimeout: 60000, moz:webdriverClick: true, moz:windowless: false, pageLoadStrategy: normal, platformName: windows, proxy: Proxy(), se:cdp: ws://127.0.0.1:7103/devtool..., se:cdpVersion: 85.0, setWindowRect: true, strictFileInteractability: false, timeouts: {implicit: 0, pageLoad: 300000, script: 30000}, unhandledPromptBehavior: dismiss and notify, userAgent: Mozilla/5.0 (Windows NT 10....}
Session ID: 3874bcc1-4915-451c-825c-9dfa2c8fc710
at org.openqa.selenium.remote.ErrorCodec.decode(ErrorCodec.java:167)
at org.openqa.selenium.remote.codec.w3c.W3CHttpResponseCodec.decode(W3CHttpResponseCodec.java:138)
at org.openqa.selenium.remote.codec.w3c.W3CHttpResponseCodec.decode(W3CHttpResponseCodec.java:50)
at org.openqa.selenium.remote.HttpCommandExecutor.execute(HttpCommandExecutor.java:190)
at org.openqa.selenium.remote.service.DriverCommandExecutor.invokeExecute(DriverCommandExecutor.java:216)
at org.openqa.selenium.remote.service.DriverCommandExecutor.execute(DriverCommandExecutor.java:174)
at org.openqa.selenium.remote.RemoteWebDriver.execute(RemoteWebDriver.java:545)
at org.openqa.selenium.remote.RemoteWebDriver.perform(RemoteWebDriver.java:631)
at org.openqa.selenium.interactions.Actions$BuiltAction.perform(Actions.java:613)
at org.openqa.selenium.interactions.Actions.perform(Actions.java:578)
at amazon_Project1.Project1_Amazon.HomePage_Project1.Account_list_homepage(HomePage_Project1.java:31)
at amazon_Project1.Project1_Amazon.TestCase04_Editprofile.editprofile(TestCase04_Editprofile.java:17)
at java.base/java.util.ArrayList.forEach(ArrayList.java:1597)
at java.base/java.util.concurrent.FutureTask.run(FutureTask.java:317)
at java.base/java.util.concurrent.ThreadPoolExecutor.runWorker(ThreadPoolExecutor.java:1144)
at java.base/java.util.concurrent.ThreadPoolExecutor$Worker.run(ThreadPoolExecutor.java:642)
at java.base/java.lang.Thread.run(Thread.java:1575)
... Removed 19 stack frames]]>
    </failure>
  </testcase> <!-- editprofile -->
  <testcase classname="amazon_Project1.Project1_Amazon.Testcase05_SearchProduct_Project1" name="searchproduct1" time="8.517">
    <skipped/>
  </testcase> <!-- searchproduct1 -->
  <testcase classname="amazon_Project1.Project1_Amazon.Testcase05_SearchProduct_Project1" name="searchproduct1" time="16.54"/>
  <testcase classname="amazon_Project1.Project1_Amazon.Testcase06_VerifyFilter" name="verifyFilter" time="6.33">
    <skipped/>
  </testcase> <!-- verifyFilter -->
  <testcase classname="amazon_Project1.Project1_Amazon.Testcase06_VerifyFilter" name="verifyFilter" time="5.094">
    <failure type="org.openqa.selenium.NoSuchElementException" message="Unable to locate element: *[name=&amp;apos;email&amp;apos;]
For documentation on this error, please visit: https://www.selenium.dev/documentation/webdriver/troubleshooting/errors#no-such-element-exception
Build info: version: &amp;apos;4.27.0&amp;apos;, revision: &amp;apos;d6e718d134&amp;apos;
System info: os.name: &amp;apos;Windows 11&amp;apos;, os.arch: &amp;apos;amd64&amp;apos;, os.version: &amp;apos;10.0&amp;apos;, java.version: &amp;apos;23&amp;apos;
Driver info: org.openqa.selenium.firefox.FirefoxDriver
Command: [98ad945d-fd7e-47a7-8d66-1940e462aeb4, findElement {using=name, value=email}]
Capabilities {acceptInsecureCerts: true, browserName: firefox, browserVersion: 134.0.2, moz:accessibilityChecks: false, moz:buildID: 20250120135430, moz:debuggerAddress: 127.0.0.1:30005, moz:geckodriverVersion: 0.35.0, moz:headless: false, moz:platformVersion: 10.0, moz:processID: 61396, moz:profile: C:\Users\amolb\AppData\Loca..., moz:shutdownTimeout: 60000, moz:webdriverClick: true, moz:windowless: false, pageLoadStrategy: normal, platformName: windows, proxy: Proxy(), se:cdp: ws://127.0.0.1:30005/devtoo..., se:cdpVersion: 85.0, setWindowRect: true, strictFileInteractability: false, timeouts: {implicit: 0, pageLoad: 300000, script: 30000}, unhandledPromptBehavior: dismiss and notify, userAgent: Mozilla/5.0 (Windows NT 10....}
Session ID: 98ad945d-fd7e-47a7-8d66-1940e462aeb4">
      <![CDATA[org.openqa.selenium.NoSuchElementException: Unable to locate element: *[name='email']
For documentation on this error, please visit: https://www.selenium.dev/documentation/webdriver/troubleshooting/errors#no-such-element-exception
Build info: version: '4.27.0', revision: 'd6e718d134'
System info: os.name: 'Windows 11', os.arch: 'amd64', os.version: '10.0', java.version: '23'
Driver info: org.openqa.selenium.firefox.FirefoxDriver
Command: [98ad945d-fd7e-47a7-8d66-1940e462aeb4, findElement {using=name, value=email}]
Capabilities {acceptInsecureCerts: true, browserName: firefox, browserVersion: 134.0.2, moz:accessibilityChecks: false, moz:buildID: 20250120135430, moz:debuggerAddress: 127.0.0.1:30005, moz:geckodriverVersion: 0.35.0, moz:headless: false, moz:platformVersion: 10.0, moz:processID: 61396, moz:profile: C:\Users\amolb\AppData\Loca..., moz:shutdownTimeout: 60000, moz:webdriverClick: true, moz:windowless: false, pageLoadStrategy: normal, platformName: windows, proxy: Proxy(), se:cdp: ws://127.0.0.1:30005/devtoo..., se:cdpVersion: 85.0, setWindowRect: true, strictFileInteractability: false, timeouts: {implicit: 0, pageLoad: 300000, script: 30000}, unhandledPromptBehavior: dismiss and notify, userAgent: Mozilla/5.0 (Windows NT 10....}
Session ID: 98ad945d-fd7e-47a7-8d66-1940e462aeb4
at org.openqa.selenium.remote.ErrorCodec.decode(ErrorCodec.java:167)
at org.openqa.selenium.remote.codec.w3c.W3CHttpResponseCodec.decode(W3CHttpResponseCodec.java:138)
at org.openqa.selenium.remote.codec.w3c.W3CHttpResponseCodec.decode(W3CHttpResponseCodec.java:50)
at org.openqa.selenium.remote.HttpCommandExecutor.execute(HttpCommandExecutor.java:190)
at org.openqa.selenium.remote.service.DriverCommandExecutor.invokeExecute(DriverCommandExecutor.java:216)
at org.openqa.selenium.remote.service.DriverCommandExecutor.execute(DriverCommandExecutor.java:174)
at org.openqa.selenium.remote.RemoteWebDriver.execute(RemoteWebDriver.java:545)
at org.openqa.selenium.remote.ElementLocation$ElementFinder$2.findElement(ElementLocation.java:165)
at org.openqa.selenium.remote.ElementLocation.findElement(ElementLocation.java:66)
at org.openqa.selenium.remote.RemoteWebDriver.findElement(RemoteWebDriver.java:368)
at org.openqa.selenium.remote.RemoteWebDriver.findElement(RemoteWebDriver.java:362)
at org.openqa.selenium.support.pagefactory.DefaultElementLocator.findElement(DefaultElementLocator.java:68)
at org.openqa.selenium.support.pagefactory.internal.LocatingElementHandler.invoke(LocatingElementHandler.java:38)
at jdk.proxy2/jdk.proxy2.$Proxy17.sendKeys(Unknown Source)
at amazon_Project1.Project1_Amazon.LoginPage_Project1.un(LoginPage_Project1.java:29)
at amazon_Project1.Project1_Amazon.Testcase06_VerifyFilter.verifyFilter(Testcase06_VerifyFilter.java:13)
at java.base/java.util.ArrayList.forEach(ArrayList.java:1597)
at java.base/java.util.concurrent.FutureTask.run(FutureTask.java:317)
at java.base/java.util.concurrent.ThreadPoolExecutor.runWorker(ThreadPoolExecutor.java:1144)
at java.base/java.util.concurrent.ThreadPoolExecutor$Worker.run(ThreadPoolExecutor.java:642)
at java.base/java.lang.Thread.run(Thread.java:1575)
... Removed 19 stack frames]]>
    </failure>
  </testcase> <!-- verifyFilter -->
  <testcase classname="amazon_Project1.Project1_Amazon.Testcase08_VerifySort_Project1" name="verifySort" time="4.717">
    <skipped/>
  </testcase> <!-- verifySort -->
  <testcase classname="amazon_Project1.Project1_Amazon.Testcase08_VerifySort_Project1" name="verifySort" time="5.234">
    <failure type="org.openqa.selenium.NoSuchElementException" message="Unable to locate element: *[name=&amp;apos;email&amp;apos;]
For documentation on this error, please visit: https://www.selenium.dev/documentation/webdriver/troubleshooting/errors#no-such-element-exception
Build info: version: &amp;apos;4.27.0&amp;apos;, revision: &amp;apos;d6e718d134&amp;apos;
System info: os.name: &amp;apos;Windows 11&amp;apos;, os.arch: &amp;apos;amd64&amp;apos;, os.version: &amp;apos;10.0&amp;apos;, java.version: &amp;apos;23&amp;apos;
Driver info: org.openqa.selenium.firefox.FirefoxDriver
Command: [99ad864c-7f29-4e26-8a18-0a854c7c30a9, findElement {using=name, value=email}]
Capabilities {acceptInsecureCerts: true, browserName: firefox, browserVersion: 134.0.2, moz:accessibilityChecks: false, moz:buildID: 20250120135430, moz:debuggerAddress: 127.0.0.1:35553, moz:geckodriverVersion: 0.35.0, moz:headless: false, moz:platformVersion: 10.0, moz:processID: 19868, moz:profile: C:\Users\amolb\AppData\Loca..., moz:shutdownTimeout: 60000, moz:webdriverClick: true, moz:windowless: false, pageLoadStrategy: normal, platformName: windows, proxy: Proxy(), se:cdp: ws://127.0.0.1:35553/devtoo..., se:cdpVersion: 85.0, setWindowRect: true, strictFileInteractability: false, timeouts: {implicit: 0, pageLoad: 300000, script: 30000}, unhandledPromptBehavior: dismiss and notify, userAgent: Mozilla/5.0 (Windows NT 10....}
Session ID: 99ad864c-7f29-4e26-8a18-0a854c7c30a9">
      <![CDATA[org.openqa.selenium.NoSuchElementException: Unable to locate element: *[name='email']
For documentation on this error, please visit: https://www.selenium.dev/documentation/webdriver/troubleshooting/errors#no-such-element-exception
Build info: version: '4.27.0', revision: 'd6e718d134'
System info: os.name: 'Windows 11', os.arch: 'amd64', os.version: '10.0', java.version: '23'
Driver info: org.openqa.selenium.firefox.FirefoxDriver
Command: [99ad864c-7f29-4e26-8a18-0a854c7c30a9, findElement {using=name, value=email}]
Capabilities {acceptInsecureCerts: true, browserName: firefox, browserVersion: 134.0.2, moz:accessibilityChecks: false, moz:buildID: 20250120135430, moz:debuggerAddress: 127.0.0.1:35553, moz:geckodriverVersion: 0.35.0, moz:headless: false, moz:platformVersion: 10.0, moz:processID: 19868, moz:profile: C:\Users\amolb\AppData\Loca..., moz:shutdownTimeout: 60000, moz:webdriverClick: true, moz:windowless: false, pageLoadStrategy: normal, platformName: windows, proxy: Proxy(), se:cdp: ws://127.0.0.1:35553/devtoo..., se:cdpVersion: 85.0, setWindowRect: true, strictFileInteractability: false, timeouts: {implicit: 0, pageLoad: 300000, script: 30000}, unhandledPromptBehavior: dismiss and notify, userAgent: Mozilla/5.0 (Windows NT 10....}
Session ID: 99ad864c-7f29-4e26-8a18-0a854c7c30a9
at org.openqa.selenium.remote.ErrorCodec.decode(ErrorCodec.java:167)
at org.openqa.selenium.remote.codec.w3c.W3CHttpResponseCodec.decode(W3CHttpResponseCodec.java:138)
at org.openqa.selenium.remote.codec.w3c.W3CHttpResponseCodec.decode(W3CHttpResponseCodec.java:50)
at org.openqa.selenium.remote.HttpCommandExecutor.execute(HttpCommandExecutor.java:190)
at org.openqa.selenium.remote.service.DriverCommandExecutor.invokeExecute(DriverCommandExecutor.java:216)
at org.openqa.selenium.remote.service.DriverCommandExecutor.execute(DriverCommandExecutor.java:174)
at org.openqa.selenium.remote.RemoteWebDriver.execute(RemoteWebDriver.java:545)
at org.openqa.selenium.remote.ElementLocation$ElementFinder$2.findElement(ElementLocation.java:165)
at org.openqa.selenium.remote.ElementLocation.findElement(ElementLocation.java:66)
at org.openqa.selenium.remote.RemoteWebDriver.findElement(RemoteWebDriver.java:368)
at org.openqa.selenium.remote.RemoteWebDriver.findElement(RemoteWebDriver.java:362)
at org.openqa.selenium.support.pagefactory.DefaultElementLocator.findElement(DefaultElementLocator.java:68)
at org.openqa.selenium.support.pagefactory.internal.LocatingElementHandler.invoke(LocatingElementHandler.java:38)
at jdk.proxy2/jdk.proxy2.$Proxy17.sendKeys(Unknown Source)
at amazon_Project1.Project1_Amazon.LoginPage_Project1.un(LoginPage_Project1.java:29)
at amazon_Project1.Project1_Amazon.Testcase08_VerifySort_Project1.verifySort(Testcase08_VerifySort_Project1.java:14)
at java.base/java.util.ArrayList.forEach(ArrayList.java:1597)
at java.base/java.util.concurrent.FutureTask.run(FutureTask.java:317)
at java.base/java.util.concurrent.ThreadPoolExecutor.runWorker(ThreadPoolExecutor.java:1144)
at java.base/java.util.concurrent.ThreadPoolExecutor$Worker.run(ThreadPoolExecutor.java:642)
at java.base/java.lang.Thread.run(Thread.java:1575)
... Removed 19 stack frames]]>
    </failure>
  </testcase> <!-- verifySort -->
  <testcase classname="amazon_Project1.Project1_Amazon.Testcase13_applycoupen" name="applycoupen" time="26.237">
    <skipped/>
  </testcase> <!-- applycoupen -->
  <testcase classname="amazon_Project1.Project1_Amazon.Testcase13_applycoupen" name="applycoupen" time="6.092">
    <failure type="org.openqa.selenium.NoSuchElementException" message="Unable to locate element: *[name=&amp;apos;email&amp;apos;]
For documentation on this error, please visit: https://www.selenium.dev/documentation/webdriver/troubleshooting/errors#no-such-element-exception
Build info: version: &amp;apos;4.27.0&amp;apos;, revision: &amp;apos;d6e718d134&amp;apos;
System info: os.name: &amp;apos;Windows 11&amp;apos;, os.arch: &amp;apos;amd64&amp;apos;, os.version: &amp;apos;10.0&amp;apos;, java.version: &amp;apos;23&amp;apos;
Driver info: org.openqa.selenium.firefox.FirefoxDriver
Command: [7c8bdfda-db7d-43f7-aa06-99882c3d7345, findElement {using=name, value=email}]
Capabilities {acceptInsecureCerts: true, browserName: firefox, browserVersion: 134.0.2, moz:accessibilityChecks: false, moz:buildID: 20250120135430, moz:debuggerAddress: 127.0.0.1:2809, moz:geckodriverVersion: 0.35.0, moz:headless: false, moz:platformVersion: 10.0, moz:processID: 38620, moz:profile: C:\Users\amolb\AppData\Loca..., moz:shutdownTimeout: 60000, moz:webdriverClick: true, moz:windowless: false, pageLoadStrategy: normal, platformName: windows, proxy: Proxy(), se:cdp: ws://127.0.0.1:2809/devtool..., se:cdpVersion: 85.0, setWindowRect: true, strictFileInteractability: false, timeouts: {implicit: 0, pageLoad: 300000, script: 30000}, unhandledPromptBehavior: dismiss and notify, userAgent: Mozilla/5.0 (Windows NT 10....}
Session ID: 7c8bdfda-db7d-43f7-aa06-99882c3d7345">
      <![CDATA[org.openqa.selenium.NoSuchElementException: Unable to locate element: *[name='email']
For documentation on this error, please visit: https://www.selenium.dev/documentation/webdriver/troubleshooting/errors#no-such-element-exception
Build info: version: '4.27.0', revision: 'd6e718d134'
System info: os.name: 'Windows 11', os.arch: 'amd64', os.version: '10.0', java.version: '23'
Driver info: org.openqa.selenium.firefox.FirefoxDriver
Command: [7c8bdfda-db7d-43f7-aa06-99882c3d7345, findElement {using=name, value=email}]
Capabilities {acceptInsecureCerts: true, browserName: firefox, browserVersion: 134.0.2, moz:accessibilityChecks: false, moz:buildID: 20250120135430, moz:debuggerAddress: 127.0.0.1:2809, moz:geckodriverVersion: 0.35.0, moz:headless: false, moz:platformVersion: 10.0, moz:processID: 38620, moz:profile: C:\Users\amolb\AppData\Loca..., moz:shutdownTimeout: 60000, moz:webdriverClick: true, moz:windowless: false, pageLoadStrategy: normal, platformName: windows, proxy: Proxy(), se:cdp: ws://127.0.0.1:2809/devtool..., se:cdpVersion: 85.0, setWindowRect: true, strictFileInteractability: false, timeouts: {implicit: 0, pageLoad: 300000, script: 30000}, unhandledPromptBehavior: dismiss and notify, userAgent: Mozilla/5.0 (Windows NT 10....}
Session ID: 7c8bdfda-db7d-43f7-aa06-99882c3d7345
at org.openqa.selenium.remote.ErrorCodec.decode(ErrorCodec.java:167)
at org.openqa.selenium.remote.codec.w3c.W3CHttpResponseCodec.decode(W3CHttpResponseCodec.java:138)
at org.openqa.selenium.remote.codec.w3c.W3CHttpResponseCodec.decode(W3CHttpResponseCodec.java:50)
at org.openqa.selenium.remote.HttpCommandExecutor.execute(HttpCommandExecutor.java:190)
at org.openqa.selenium.remote.service.DriverCommandExecutor.invokeExecute(DriverCommandExecutor.java:216)
at org.openqa.selenium.remote.service.DriverCommandExecutor.execute(DriverCommandExecutor.java:174)
at org.openqa.selenium.remote.RemoteWebDriver.execute(RemoteWebDriver.java:545)
at org.openqa.selenium.remote.ElementLocation$ElementFinder$2.findElement(ElementLocation.java:165)
at org.openqa.selenium.remote.ElementLocation.findElement(ElementLocation.java:66)
at org.openqa.selenium.remote.RemoteWebDriver.findElement(RemoteWebDriver.java:368)
at org.openqa.selenium.remote.RemoteWebDriver.findElement(RemoteWebDriver.java:362)
at org.openqa.selenium.support.pagefactory.DefaultElementLocator.findElement(DefaultElementLocator.java:68)
at org.openqa.selenium.support.pagefactory.internal.LocatingElementHandler.invoke(LocatingElementHandler.java:38)
at jdk.proxy2/jdk.proxy2.$Proxy17.sendKeys(Unknown Source)
at amazon_Project1.Project1_Amazon.LoginPage_Project1.un(LoginPage_Project1.java:29)
at amazon_Project1.Project1_Amazon.Testcase13_applycoupen.applycoupen(Testcase13_applycoupen.java:14)
at java.base/java.util.ArrayList.forEach(ArrayList.java:1597)
at java.base/java.util.concurrent.FutureTask.run(FutureTask.java:317)
at java.base/java.util.concurrent.ThreadPoolExecutor.runWorker(ThreadPoolExecutor.java:1144)
at java.base/java.util.concurrent.ThreadPoolExecutor$Worker.run(ThreadPoolExecutor.java:642)
at java.base/java.lang.Thread.run(Thread.java:1575)
... Removed 19 stack frames]]>
    </failure>
  </testcase> <!-- applycoupen -->
  <testcase classname="amazon_Project1.Project1_Amazon.TestCase02_Loginwithcorrectcred" name="loginwithcorrectcred" time="11.03"/>
  <testcase classname="amazon_Project1.Project1_Amazon.TestCase02_Loginwithcorrectcred" name="loginwithcorrectcred" time="14.951"/>
  <testcase classname="amazon_Project1.Project1_Amazon.Testcase07_ProductDetailsPage_project1" name="verifyProductDetails" time="3.835">
    <skipped/>
  </testcase> <!-- verifyProductDetails -->
  <testcase classname="amazon_Project1.Project1_Amazon.Testcase07_ProductDetailsPage_project1" name="verifyProductDetails" time="21.321">
    <failure type="java.util.NoSuchElementException">
      <![CDATA[java.util.NoSuchElementException
at java.base/java.util.LinkedHashMap$LinkedHashIterator.nextNode(LinkedHashMap.java:1026)
at java.base/java.util.LinkedHashMap$LinkedKeyIterator.next(LinkedHashMap.java:1047)
at amazon_Project1.Project1_Amazon.Product1page_Project1.product(Product1page_Project1.java:46)
at amazon_Project1.Project1_Amazon.Testcase07_ProductDetailsPage_project1.verifyProductDetails(Testcase07_ProductDetailsPage_project1.java:22)
at java.base/java.util.ArrayList.forEach(ArrayList.java:1597)
at java.base/java.util.concurrent.FutureTask.run(FutureTask.java:317)
at java.base/java.util.concurrent.ThreadPoolExecutor.runWorker(ThreadPoolExecutor.java:1144)
at java.base/java.util.concurrent.ThreadPoolExecutor$Worker.run(ThreadPoolExecutor.java:642)
at java.base/java.lang.Thread.run(Thread.java:1575)
... Removed 16 stack frames]]>
    </failure>
  </testcase> <!-- verifyProductDetails -->
  <testcase classname="amazon_Project1.Project1_Amazon.Testcase14_Starrating_placedorder" name="applycoupen" time="25.096">
    <skipped/>
  </testcase> <!-- applycoupen -->
  <testcase classname="amazon_Project1.Project1_Amazon.Testcase14_Starrating_placedorder" name="applycoupen" time="4.748">
    <failure type="org.openqa.selenium.NoSuchElementException" message="Unable to locate element: *[name=&amp;apos;email&amp;apos;]
For documentation on this error, please visit: https://www.selenium.dev/documentation/webdriver/troubleshooting/errors#no-such-element-exception
Build info: version: &amp;apos;4.27.0&amp;apos;, revision: &amp;apos;d6e718d134&amp;apos;
System info: os.name: &amp;apos;Windows 11&amp;apos;, os.arch: &amp;apos;amd64&amp;apos;, os.version: &amp;apos;10.0&amp;apos;, java.version: &amp;apos;23&amp;apos;
Driver info: org.openqa.selenium.firefox.FirefoxDriver
Command: [a2d9b167-563e-488c-b5e7-ae68f7098377, findElement {using=name, value=email}]
Capabilities {acceptInsecureCerts: true, browserName: firefox, browserVersion: 134.0.2, moz:accessibilityChecks: false, moz:buildID: 20250120135430, moz:debuggerAddress: 127.0.0.1:27447, moz:geckodriverVersion: 0.35.0, moz:headless: false, moz:platformVersion: 10.0, moz:processID: 43872, moz:profile: C:\Users\amolb\AppData\Loca..., moz:shutdownTimeout: 60000, moz:webdriverClick: true, moz:windowless: false, pageLoadStrategy: normal, platformName: windows, proxy: Proxy(), se:cdp: ws://127.0.0.1:27447/devtoo..., se:cdpVersion: 85.0, setWindowRect: true, strictFileInteractability: false, timeouts: {implicit: 0, pageLoad: 300000, script: 30000}, unhandledPromptBehavior: dismiss and notify, userAgent: Mozilla/5.0 (Windows NT 10....}
Session ID: a2d9b167-563e-488c-b5e7-ae68f7098377">
      <![CDATA[org.openqa.selenium.NoSuchElementException: Unable to locate element: *[name='email']
For documentation on this error, please visit: https://www.selenium.dev/documentation/webdriver/troubleshooting/errors#no-such-element-exception
Build info: version: '4.27.0', revision: 'd6e718d134'
System info: os.name: 'Windows 11', os.arch: 'amd64', os.version: '10.0', java.version: '23'
Driver info: org.openqa.selenium.firefox.FirefoxDriver
Command: [a2d9b167-563e-488c-b5e7-ae68f7098377, findElement {using=name, value=email}]
Capabilities {acceptInsecureCerts: true, browserName: firefox, browserVersion: 134.0.2, moz:accessibilityChecks: false, moz:buildID: 20250120135430, moz:debuggerAddress: 127.0.0.1:27447, moz:geckodriverVersion: 0.35.0, moz:headless: false, moz:platformVersion: 10.0, moz:processID: 43872, moz:profile: C:\Users\amolb\AppData\Loca..., moz:shutdownTimeout: 60000, moz:webdriverClick: true, moz:windowless: false, pageLoadStrategy: normal, platformName: windows, proxy: Proxy(), se:cdp: ws://127.0.0.1:27447/devtoo..., se:cdpVersion: 85.0, setWindowRect: true, strictFileInteractability: false, timeouts: {implicit: 0, pageLoad: 300000, script: 30000}, unhandledPromptBehavior: dismiss and notify, userAgent: Mozilla/5.0 (Windows NT 10....}
Session ID: a2d9b167-563e-488c-b5e7-ae68f7098377
at org.openqa.selenium.remote.ErrorCodec.decode(ErrorCodec.java:167)
at org.openqa.selenium.remote.codec.w3c.W3CHttpResponseCodec.decode(W3CHttpResponseCodec.java:138)
at org.openqa.selenium.remote.codec.w3c.W3CHttpResponseCodec.decode(W3CHttpResponseCodec.java:50)
at org.openqa.selenium.remote.HttpCommandExecutor.execute(HttpCommandExecutor.java:190)
at org.openqa.selenium.remote.service.DriverCommandExecutor.invokeExecute(DriverCommandExecutor.java:216)
at org.openqa.selenium.remote.service.DriverCommandExecutor.execute(DriverCommandExecutor.java:174)
at org.openqa.selenium.remote.RemoteWebDriver.execute(RemoteWebDriver.java:545)
at org.openqa.selenium.remote.ElementLocation$ElementFinder$2.findElement(ElementLocation.java:165)
at org.openqa.selenium.remote.ElementLocation.findElement(ElementLocation.java:66)
at org.openqa.selenium.remote.RemoteWebDriver.findElement(RemoteWebDriver.java:368)
at org.openqa.selenium.remote.RemoteWebDriver.findElement(RemoteWebDriver.java:362)
at org.openqa.selenium.support.pagefactory.DefaultElementLocator.findElement(DefaultElementLocator.java:68)
at org.openqa.selenium.support.pagefactory.internal.LocatingElementHandler.invoke(LocatingElementHandler.java:38)
at jdk.proxy2/jdk.proxy2.$Proxy17.sendKeys(Unknown Source)
at amazon_Project1.Project1_Amazon.LoginPage_Project1.un(LoginPage_Project1.java:29)
at amazon_Project1.Project1_Amazon.Testcase14_Starrating_placedorder.applycoupen(Testcase14_Starrating_placedorder.java:14)
at java.base/java.util.ArrayList.forEach(ArrayList.java:1597)
at java.base/java.util.concurrent.FutureTask.run(FutureTask.java:317)
at java.base/java.util.concurrent.ThreadPoolExecutor.runWorker(ThreadPoolExecutor.java:1144)
at java.base/java.util.concurrent.ThreadPoolExecutor$Worker.run(ThreadPoolExecutor.java:642)
at java.base/java.lang.Thread.run(Thread.java:1575)
... Removed 19 stack frames]]>
    </failure>
  </testcase> <!-- applycoupen -->
  <testcase classname="amazon_Project1.Project1_Amazon.TestCase03_LoginwithIncorrect" name="loginwithincorrectcred" time="7.41"/>
  <testcase classname="amazon_Project1.Project1_Amazon.Testcase12_Allpaymentmethod_Project1" name="allpaymentmethod" time="23.428">
    <skipped/>
  </testcase> <!-- allpaymentmethod -->
  <testcase classname="amazon_Project1.Project1_Amazon.Testcase12_Allpaymentmethod_Project1" name="allpaymentmethod" time="27.889"/>
  <testcase classname="amazon_Project1.Project1_Amazon.Testcase11_Checkoutprocess_project1" name="checkout" time="26.413">
    <skipped/>
  </testcase> <!-- checkout -->
  <testcase classname="amazon_Project1.Project1_Amazon.Testcase11_Checkoutprocess_project1" name="checkout" time="25.216">
    <failure type="org.openqa.selenium.ElementNotInteractableException" message="element not interactable: element has zero size
  (Session info: chrome=132.0.6834.160)
Build info: version: &amp;apos;4.27.0&amp;apos;, revision: &amp;apos;d6e718d134&amp;apos;
System info: os.name: &amp;apos;Windows 11&amp;apos;, os.arch: &amp;apos;amd64&amp;apos;, os.version: &amp;apos;10.0&amp;apos;, java.version: &amp;apos;23&amp;apos;
Driver info: org.openqa.selenium.chrome.ChromeDriver
Command: [2066c688ab9c9b7eef67facb65196b5e, clickElement {id=f.9C7E3BC2D02F46A20F3C1C9D748C7E26.d.B70E52BE6C34E225F0A39E03775B0ABF.e.167}]
Capabilities {acceptInsecureCerts: false, browserName: chrome, browserVersion: 132.0.6834.160, chrome: {chromedriverVersion: 132.0.6834.159 (2d77d3fc445..., userDataDir: C:\Users\amolb\AppData\Loca...}, fedcm:accounts: true, goog:chromeOptions: {debuggerAddress: localhost:55608}, networkConnectionEnabled: false, pageLoadStrategy: normal, platformName: windows, proxy: Proxy(), se:cdp: ws://localhost:55608/devtoo..., se:cdpVersion: 132.0.6834.160, setWindowRect: true, strictFileInteractability: false, timeouts: {implicit: 0, pageLoad: 300000, script: 30000}, unhandledPromptBehavior: dismiss and notify, webauthn:extension:credBlob: true, webauthn:extension:largeBlob: true, webauthn:extension:minPinLength: true, webauthn:extension:prf: true, webauthn:virtualAuthenticators: true}
Element: [[ChromeDriver: chrome on windows (2066c688ab9c9b7eef67facb65196b5e)] -&amp;gt; xpath: //span[.=&amp;apos;Cash on Delivery/Pay on Delivery&amp;apos;][1]]
Session ID: 2066c688ab9c9b7eef67facb65196b5e">
      <![CDATA[org.openqa.selenium.ElementNotInteractableException: element not interactable: element has zero size
  (Session info: chrome=132.0.6834.160)
Build info: version: '4.27.0', revision: 'd6e718d134'
System info: os.name: 'Windows 11', os.arch: 'amd64', os.version: '10.0', java.version: '23'
Driver info: org.openqa.selenium.chrome.ChromeDriver
Command: [2066c688ab9c9b7eef67facb65196b5e, clickElement {id=f.9C7E3BC2D02F46A20F3C1C9D748C7E26.d.B70E52BE6C34E225F0A39E03775B0ABF.e.167}]
Capabilities {acceptInsecureCerts: false, browserName: chrome, browserVersion: 132.0.6834.160, chrome: {chromedriverVersion: 132.0.6834.159 (2d77d3fc445..., userDataDir: C:\Users\amolb\AppData\Loca...}, fedcm:accounts: true, goog:chromeOptions: {debuggerAddress: localhost:55608}, networkConnectionEnabled: false, pageLoadStrategy: normal, platformName: windows, proxy: Proxy(), se:cdp: ws://localhost:55608/devtoo..., se:cdpVersion: 132.0.6834.160, setWindowRect: true, strictFileInteractability: false, timeouts: {implicit: 0, pageLoad: 300000, script: 30000}, unhandledPromptBehavior: dismiss and notify, webauthn:extension:credBlob: true, webauthn:extension:largeBlob: true, webauthn:extension:minPinLength: true, webauthn:extension:prf: true, webauthn:virtualAuthenticators: true}
Element: [[ChromeDriver: chrome on windows (2066c688ab9c9b7eef67facb65196b5e)] -> xpath: //span[.='Cash on Delivery/Pay on Delivery'][1]]
Session ID: 2066c688ab9c9b7eef67facb65196b5e
at org.openqa.selenium.remote.ErrorCodec.decode(ErrorCodec.java:167)
at org.openqa.selenium.remote.codec.w3c.W3CHttpResponseCodec.decode(W3CHttpResponseCodec.java:138)
at org.openqa.selenium.remote.codec.w3c.W3CHttpResponseCodec.decode(W3CHttpResponseCodec.java:50)
at org.openqa.selenium.remote.HttpCommandExecutor.execute(HttpCommandExecutor.java:190)
at org.openqa.selenium.remote.service.DriverCommandExecutor.invokeExecute(DriverCommandExecutor.java:216)
at org.openqa.selenium.remote.service.DriverCommandExecutor.execute(DriverCommandExecutor.java:174)
at org.openqa.selenium.remote.RemoteWebDriver.execute(RemoteWebDriver.java:545)
at org.openqa.selenium.remote.RemoteWebElement.execute(RemoteWebElement.java:223)
at org.openqa.selenium.remote.RemoteWebElement.click(RemoteWebElement.java:76)
at org.openqa.selenium.support.pagefactory.internal.LocatingElementHandler.invoke(LocatingElementHandler.java:51)
at jdk.proxy2/jdk.proxy2.$Proxy17.click(Unknown Source)
at amazon_Project1.Project1_Amazon.PaymentPage_project1.Cashondeliveryoption(PaymentPage_project1.java:76)
at amazon_Project1.Project1_Amazon.Testcase11_Checkoutprocess_project1.checkout(Testcase11_Checkoutprocess_project1.java:23)
at java.base/java.util.ArrayList.forEach(ArrayList.java:1597)
at java.base/java.util.concurrent.FutureTask.run(FutureTask.java:317)
at java.base/java.util.concurrent.ThreadPoolExecutor.runWorker(ThreadPoolExecutor.java:1144)
at java.base/java.util.concurrent.ThreadPoolExecutor$Worker.run(ThreadPoolExecutor.java:642)
at java.base/java.lang.Thread.run(Thread.java:1575)
... Removed 21 stack frames]]>
    </failure>
  </testcase> <!-- checkout -->
</testsuite> <!-- ChromeTest -->
