<?xml version="1.0" encoding="UTF-8"?>
<!-- Generated by org.testng.reporters.JUnitXMLReporter -->
<testsuite ignored="0" hostname="BhosaleA" failures="1" tests="2" name="Test012" time="64.075" errors="0" timestamp="2025-02-03T11:04:06 IST">
  <testcase classname="amazon_Project1.Project1_Amazon.Testcase12_Allpaymentmethod_Project1" name="allpaymentmethod" time="25.029">
    <skipped/>
  </testcase> <!-- allpaymentmethod -->
  <testcase classname="amazon_Project1.Project1_Amazon.Testcase12_Allpaymentmethod_Project1" name="allpaymentmethod" time="17.639">
    <failure type="java.util.NoSuchElementException">
      <![CDATA[java.util.NoSuchElementException
at java.base/java.util.LinkedHashMap$LinkedHashIterator.nextNode(LinkedHashMap.java:1026)
at java.base/java.util.LinkedHashMap$LinkedKeyIterator.next(LinkedHashMap.java:1047)
at amazon_Project1.Project1_Amazon.Product1page_Project1.product(Product1page_Project1.java:46)
at amazon_Project1.Project1_Amazon.Testcase12_Allpaymentmethod_Project1.allpaymentmethod(Testcase12_Allpaymentmethod_Project1.java:20)
at java.base/java.util.ArrayList.forEach(ArrayList.java:1597)
at java.base/java.util.concurrent.FutureTask.run(FutureTask.java:317)
at java.base/java.util.concurrent.ThreadPoolExecutor.runWorker(ThreadPoolExecutor.java:1144)
at java.base/java.util.concurrent.ThreadPoolExecutor$Worker.run(ThreadPoolExecutor.java:642)
at java.base/java.lang.Thread.run(Thread.java:1575)
... Removed 16 stack frames]]>
    </failure>
  </testcase> <!-- allpaymentmethod -->
</testsuite> <!-- Test012 -->
