<?xml version="1.0" encoding="UTF-8"?>
<!-- Generated by org.testng.reporters.JUnitXMLReporter -->
<testsuite ignored="0" hostname="BhosaleA" failures="1" tests="2" name="Test014" time="53.571" errors="0" timestamp="2025-02-03T11:06:13 IST">
  <testcase classname="amazon_Project1.Project1_Amazon.Testcase14_Starrating_placedorder" name="applycoupen" time="15.112">
    <skipped/>
  </testcase> <!-- applycoupen -->
  <testcase classname="amazon_Project1.Project1_Amazon.Testcase14_Starrating_placedorder" name="applycoupen" time="17.635">
    <failure type="java.util.NoSuchElementException">
      <![CDATA[java.util.NoSuchElementException
at java.base/java.util.LinkedHashMap$LinkedHashIterator.nextNode(LinkedHashMap.java:1026)
at java.base/java.util.LinkedHashMap$LinkedKeyIterator.next(LinkedHashMap.java:1047)
at amazon_Project1.Project1_Amazon.Product1page_Project1.product(Product1page_Project1.java:46)
at amazon_Project1.Project1_Amazon.Testcase14_Starrating_placedorder.applycoupen(Testcase14_Starrating_placedorder.java:19)
at java.base/java.util.ArrayList.forEach(ArrayList.java:1597)
at java.base/java.util.concurrent.FutureTask.run(FutureTask.java:317)
at java.base/java.util.concurrent.ThreadPoolExecutor.runWorker(ThreadPoolExecutor.java:1144)
at java.base/java.util.concurrent.ThreadPoolExecutor$Worker.run(ThreadPoolExecutor.java:642)
at java.base/java.lang.Thread.run(Thread.java:1575)
... Removed 16 stack frames]]>
    </failure>
  </testcase> <!-- applycoupen -->
</testsuite> <!-- Test014 -->
