<?xml version="1.0" encoding="UTF-8"?>
<testng-results retried="1" ignored="0" total="5" passed="4" failed="0" skipped="0">
  <reporter-output>
    <line>
      <![CDATA[Test started for test=Suite2,verifyProductDetails]]>
    </line>
    <line>
      <![CDATA[Test started for test=Suite2,addandremove]]>
    </line>
    <line>
      <![CDATA[result is passed for test=Suite2,verifyProductDetails]]>
    </line>
    <line>
      <![CDATA[result is SKIPPED for test=Suite2,addandremove]]>
    </line>
    <line>
      <![CDATA[Test started for test=Suite2,addandremove]]>
    </line>
    <line>
      <![CDATA[result is passed for test=Suite2,addandremove]]>
    </line>
    <line>
      <![CDATA[Test started for test=Suite2,verifyProductDetails]]>
    </line>
    <line>
      <![CDATA[Test started for test=Suite2,addandremove]]>
    </line>
    <line>
      <![CDATA[result is passed for test=Suite2,verifyProductDetails]]>
    </line>
    <line>
      <![CDATA[result is passed for test=Suite2,addandremove]]>
    </line>
  </reporter-output>
  <suite started-at="2025-02-04T06:44:04 IST" name="Suite2" finished-at="2025-02-04T06:46:06 IST" duration-ms="121983">
    <groups>
    </groups>
    <test started-at="2025-02-04T06:44:04 IST" name="ChromeTest-paralleltest" finished-at="2025-02-04T06:45:19 IST" duration-ms="75880">
      <class name="amazon_Project1.Project1_Amazon.Testcase00007_ProductDetailsPage_project1_Enhanced">
        <test-method is-config="true" signature="launchbrowser(java.lang.String,java.lang.String)[pri:0, instance:amazon_Project1.Project1_Amazon.Testcase00007_ProductDetailsPage_project1_Enhanced@2a4fb17b]" started-at="2025-02-04T06:44:04 IST" name="launchbrowser" finished-at="2025-02-04T06:44:12 IST" duration-ms="8427" status="PASS">
          <params>
            <param index="0">
              <value>
                <![CDATA[chrome]]>
              </value>
            </param>
            <param index="1">
              <value is-null="true"/>
            </param>
          </params>
          <reporter-output>
          </reporter-output>
        </test-method> <!-- launchbrowser -->
        <test-method signature="verifyProductDetails()[pri:0, instance:amazon_Project1.Project1_Amazon.Testcase00007_ProductDetailsPage_project1_Enhanced@2a4fb17b]" started-at="2025-02-04T06:44:12 IST" name="verifyProductDetails" finished-at="2025-02-04T06:44:39 IST" duration-ms="27147" status="PASS">
          <reporter-output>
            <line>
              <![CDATA[Test started for test=Suite2,verifyProductDetails]]>
            </line>
            <line>
              <![CDATA[result is passed for test=Suite2,verifyProductDetails]]>
            </line>
          </reporter-output>
        </test-method> <!-- verifyProductDetails -->
        <test-method is-config="true" signature="quit()[pri:0, instance:amazon_Project1.Project1_Amazon.Testcase00007_ProductDetailsPage_project1_Enhanced@2a4fb17b]" started-at="2025-02-04T06:44:39 IST" name="quit" finished-at="2025-02-04T06:44:42 IST" duration-ms="2559" status="PASS">
          <reporter-output>
          </reporter-output>
        </test-method> <!-- quit -->
      </class> <!-- amazon_Project1.Project1_Amazon.Testcase00007_ProductDetailsPage_project1_Enhanced -->
      <class name="amazon_Project1.Project1_Amazon.TestCase10_AddandRemoveCart_Project1">
        <test-method is-config="true" signature="launchbrowser(java.lang.String,java.lang.String)[pri:0, instance:amazon_Project1.Project1_Amazon.TestCase10_AddandRemoveCart_Project1@2b71e916]" started-at="2025-02-04T06:44:04 IST" name="launchbrowser" finished-at="2025-02-04T06:44:13 IST" duration-ms="9049" status="PASS">
          <params>
            <param index="0">
              <value>
                <![CDATA[chrome]]>
              </value>
            </param>
            <param index="1">
              <value is-null="true"/>
            </param>
          </params>
          <reporter-output>
          </reporter-output>
        </test-method> <!-- launchbrowser -->
        <test-method retried="true" signature="addandremove()[pri:0, instance:amazon_Project1.Project1_Amazon.TestCase10_AddandRemoveCart_Project1@2b71e916]" started-at="2025-02-04T06:44:13 IST" name="addandremove" finished-at="2025-02-04T06:44:44 IST" duration-ms="31207" status="SKIP">
          <exception class="org.openqa.selenium.StaleElementReferenceException">
            <message>
              <![CDATA[stale element reference: stale element not found in the current frame
  (Session info: chrome=132.0.6834.160)
For documentation on this error, please visit: https://www.selenium.dev/documentation/webdriver/troubleshooting/errors#stale-element-reference-exception
Build info: version: '4.27.0', revision: 'd6e718d134'
System info: os.name: 'Windows 11', os.arch: 'amd64', os.version: '10.0', java.version: '23'
Driver info: org.openqa.selenium.chrome.ChromeDriver
Command: [69af3ed3c6ed6b9f1872e8bc7c12d770, clickElement {id=f.25A44C34A5477E30007EECE1AC4CC437.d.427B38CD67D12D3965900A089CA8E83F.e.135}]
Capabilities {acceptInsecureCerts: false, browserName: chrome, browserVersion: 132.0.6834.160, chrome: {chromedriverVersion: 132.0.6834.159 (2d77d3fc445..., userDataDir: C:\Users\amolb\AppData\Loca...}, fedcm:accounts: true, goog:chromeOptions: {debuggerAddress: localhost:64012}, networkConnectionEnabled: false, pageLoadStrategy: normal, platformName: windows, proxy: Proxy(), se:cdp: ws://localhost:64012/devtoo..., se:cdpVersion: 132.0.6834.160, setWindowRect: true, strictFileInteractability: false, timeouts: {implicit: 0, pageLoad: 300000, script: 30000}, unhandledPromptBehavior: dismiss and notify, webauthn:extension:credBlob: true, webauthn:extension:largeBlob: true, webauthn:extension:minPinLength: true, webauthn:extension:prf: true, webauthn:virtualAuthenticators: true}
Element: [[ChromeDriver: chrome on windows (69af3ed3c6ed6b9f1872e8bc7c12d770)] -> xpath: //span[@class='a-icon a-icon-small-add']]
Session ID: 69af3ed3c6ed6b9f1872e8bc7c12d770]]>
            </message>
            <full-stacktrace>
              <![CDATA[org.openqa.selenium.StaleElementReferenceException: stale element reference: stale element not found in the current frame
  (Session info: chrome=132.0.6834.160)
For documentation on this error, please visit: https://www.selenium.dev/documentation/webdriver/troubleshooting/errors#stale-element-reference-exception
Build info: version: '4.27.0', revision: 'd6e718d134'
System info: os.name: 'Windows 11', os.arch: 'amd64', os.version: '10.0', java.version: '23'
Driver info: org.openqa.selenium.chrome.ChromeDriver
Command: [69af3ed3c6ed6b9f1872e8bc7c12d770, clickElement {id=f.25A44C34A5477E30007EECE1AC4CC437.d.427B38CD67D12D3965900A089CA8E83F.e.135}]
Capabilities {acceptInsecureCerts: false, browserName: chrome, browserVersion: 132.0.6834.160, chrome: {chromedriverVersion: 132.0.6834.159 (2d77d3fc445..., userDataDir: C:\Users\amolb\AppData\Loca...}, fedcm:accounts: true, goog:chromeOptions: {debuggerAddress: localhost:64012}, networkConnectionEnabled: false, pageLoadStrategy: normal, platformName: windows, proxy: Proxy(), se:cdp: ws://localhost:64012/devtoo..., se:cdpVersion: 132.0.6834.160, setWindowRect: true, strictFileInteractability: false, timeouts: {implicit: 0, pageLoad: 300000, script: 30000}, unhandledPromptBehavior: dismiss and notify, webauthn:extension:credBlob: true, webauthn:extension:largeBlob: true, webauthn:extension:minPinLength: true, webauthn:extension:prf: true, webauthn:virtualAuthenticators: true}
Element: [[ChromeDriver: chrome on windows (69af3ed3c6ed6b9f1872e8bc7c12d770)] -> xpath: //span[@class='a-icon a-icon-small-add']]
Session ID: 69af3ed3c6ed6b9f1872e8bc7c12d770
at java.base/jdk.internal.reflect.DirectConstructorHandleAccessor.newInstance(DirectConstructorHandleAccessor.java:62)
at java.base/java.lang.reflect.Constructor.newInstanceWithCaller(Constructor.java:501)
at java.base/java.lang.reflect.Constructor.newInstance(Constructor.java:485)
at org.openqa.selenium.remote.ErrorCodec.decode(ErrorCodec.java:167)
at org.openqa.selenium.remote.codec.w3c.W3CHttpResponseCodec.decode(W3CHttpResponseCodec.java:138)
at org.openqa.selenium.remote.codec.w3c.W3CHttpResponseCodec.decode(W3CHttpResponseCodec.java:50)
at org.openqa.selenium.remote.HttpCommandExecutor.execute(HttpCommandExecutor.java:190)
at org.openqa.selenium.remote.service.DriverCommandExecutor.invokeExecute(DriverCommandExecutor.java:216)
at org.openqa.selenium.remote.service.DriverCommandExecutor.execute(DriverCommandExecutor.java:174)
at org.openqa.selenium.remote.RemoteWebDriver.execute(RemoteWebDriver.java:545)
at org.openqa.selenium.remote.RemoteWebElement.execute(RemoteWebElement.java:223)
at org.openqa.selenium.remote.RemoteWebElement.click(RemoteWebElement.java:76)
at java.base/jdk.internal.reflect.DirectMethodHandleAccessor.invoke(DirectMethodHandleAccessor.java:103)
at java.base/java.lang.reflect.Method.invoke(Method.java:580)
at org.openqa.selenium.support.pagefactory.internal.LocatingElementHandler.invoke(LocatingElementHandler.java:51)
at jdk.proxy2/jdk.proxy2.$Proxy17.click(Unknown Source)
at amazon_Project1.Project1_Amazon.AddandDeleteCartPage_Project1.add_cart_increment(AddandDeleteCartPage_Project1.java:43)
at amazon_Project1.Project1_Amazon.TestCase10_AddandRemoveCart_Project1.addandremove(TestCase10_AddandRemoveCart_Project1.java:22)
at java.base/jdk.internal.reflect.DirectMethodHandleAccessor.invoke(DirectMethodHandleAccessor.java:103)
at java.base/java.lang.reflect.Method.invoke(Method.java:580)
at org.testng.internal.MethodInvocationHelper.invokeMethod(MethodInvocationHelper.java:133)
at org.testng.internal.TestInvoker.invokeMethod(TestInvoker.java:598)
at org.testng.internal.TestInvoker.invokeTestMethod(TestInvoker.java:173)
at org.testng.internal.MethodRunner.runInSequence(MethodRunner.java:46)
at org.testng.internal.TestInvoker$MethodInvocationAgent.invoke(TestInvoker.java:824)
at org.testng.internal.TestInvoker.invokeTestMethods(TestInvoker.java:146)
at org.testng.internal.TestMethodWorker.invokeTestMethods(TestMethodWorker.java:146)
at org.testng.internal.TestMethodWorker.run(TestMethodWorker.java:128)
at java.base/java.util.concurrent.ThreadPoolExecutor.runWorker(ThreadPoolExecutor.java:1144)
at java.base/java.util.concurrent.ThreadPoolExecutor$Worker.run(ThreadPoolExecutor.java:642)
at java.base/java.lang.Thread.run(Thread.java:1575)
]]>
            </full-stacktrace>
          </exception> <!-- org.openqa.selenium.StaleElementReferenceException -->
          <reporter-output>
            <line>
              <![CDATA[Test started for test=Suite2,addandremove]]>
            </line>
            <line>
              <![CDATA[result is SKIPPED for test=Suite2,addandremove]]>
            </line>
          </reporter-output>
        </test-method> <!-- addandremove -->
        <test-method is-config="true" signature="quit()[pri:0, instance:amazon_Project1.Project1_Amazon.TestCase10_AddandRemoveCart_Project1@2b71e916]" started-at="2025-02-04T06:44:44 IST" name="quit" finished-at="2025-02-04T06:44:45 IST" duration-ms="784" status="PASS">
          <reporter-output>
          </reporter-output>
        </test-method> <!-- quit -->
        <test-method is-config="true" signature="launchbrowser(java.lang.String,java.lang.String)[pri:0, instance:amazon_Project1.Project1_Amazon.TestCase10_AddandRemoveCart_Project1@2b71e916]" started-at="2025-02-04T06:44:45 IST" name="launchbrowser" finished-at="2025-02-04T06:44:51 IST" duration-ms="5921" status="PASS">
          <params>
            <param index="0">
              <value>
                <![CDATA[chrome]]>
              </value>
            </param>
            <param index="1">
              <value is-null="true"/>
            </param>
          </params>
          <reporter-output>
          </reporter-output>
        </test-method> <!-- launchbrowser -->
        <test-method signature="addandremove()[pri:0, instance:amazon_Project1.Project1_Amazon.TestCase10_AddandRemoveCart_Project1@2b71e916]" started-at="2025-02-04T06:44:51 IST" name="addandremove" finished-at="2025-02-04T06:45:19 IST" duration-ms="28075" status="PASS">
          <reporter-output>
            <line>
              <![CDATA[Test started for test=Suite2,addandremove]]>
            </line>
            <line>
              <![CDATA[result is passed for test=Suite2,addandremove]]>
            </line>
          </reporter-output>
        </test-method> <!-- addandremove -->
        <test-method is-config="true" signature="quit()[pri:0, instance:amazon_Project1.Project1_Amazon.TestCase10_AddandRemoveCart_Project1@2b71e916]" started-at="2025-02-04T06:45:19 IST" name="quit" finished-at="2025-02-04T06:45:19 IST" duration-ms="801" status="PASS">
          <reporter-output>
          </reporter-output>
        </test-method> <!-- quit -->
      </class> <!-- amazon_Project1.Project1_Amazon.TestCase10_AddandRemoveCart_Project1 -->
    </test> <!-- ChromeTest-paralleltest -->
    <test started-at="2025-02-04T06:45:19 IST" name="EdgeTest-paralleltest" finished-at="2025-02-04T06:46:06 IST" duration-ms="46048">
      <class name="amazon_Project1.Project1_Amazon.Testcase00007_ProductDetailsPage_project1_Enhanced">
        <test-method is-config="true" signature="launchbrowser(java.lang.String,java.lang.String)[pri:0, instance:amazon_Project1.Project1_Amazon.Testcase00007_ProductDetailsPage_project1_Enhanced@3eb738bb]" started-at="2025-02-04T06:45:19 IST" name="launchbrowser" finished-at="2025-02-04T06:45:28 IST" duration-ms="8652" status="PASS">
          <params>
            <param index="0">
              <value>
                <![CDATA[Edge]]>
              </value>
            </param>
            <param index="1">
              <value is-null="true"/>
            </param>
          </params>
          <reporter-output>
          </reporter-output>
        </test-method> <!-- launchbrowser -->
        <test-method signature="verifyProductDetails()[pri:0, instance:amazon_Project1.Project1_Amazon.Testcase00007_ProductDetailsPage_project1_Enhanced@3eb738bb]" started-at="2025-02-04T06:45:28 IST" name="verifyProductDetails" finished-at="2025-02-04T06:45:58 IST" duration-ms="29545" status="PASS">
          <reporter-output>
            <line>
              <![CDATA[Test started for test=Suite2,verifyProductDetails]]>
            </line>
            <line>
              <![CDATA[result is passed for test=Suite2,verifyProductDetails]]>
            </line>
          </reporter-output>
        </test-method> <!-- verifyProductDetails -->
        <test-method is-config="true" signature="quit()[pri:0, instance:amazon_Project1.Project1_Amazon.Testcase00007_ProductDetailsPage_project1_Enhanced@3eb738bb]" started-at="2025-02-04T06:45:58 IST" name="quit" finished-at="2025-02-04T06:46:00 IST" duration-ms="1922" status="PASS">
          <reporter-output>
          </reporter-output>
        </test-method> <!-- quit -->
      </class> <!-- amazon_Project1.Project1_Amazon.Testcase00007_ProductDetailsPage_project1_Enhanced -->
      <class name="amazon_Project1.Project1_Amazon.TestCase10_AddandRemoveCart_Project1">
        <test-method is-config="true" signature="launchbrowser(java.lang.String,java.lang.String)[pri:0, instance:amazon_Project1.Project1_Amazon.TestCase10_AddandRemoveCart_Project1@5bda8e08]" started-at="2025-02-04T06:45:19 IST" name="launchbrowser" finished-at="2025-02-04T06:45:29 IST" duration-ms="9206" status="PASS">
          <params>
            <param index="0">
              <value>
                <![CDATA[Edge]]>
              </value>
            </param>
            <param index="1">
              <value is-null="true"/>
            </param>
          </params>
          <reporter-output>
          </reporter-output>
        </test-method> <!-- launchbrowser -->
        <test-method signature="addandremove()[pri:0, instance:amazon_Project1.Project1_Amazon.TestCase10_AddandRemoveCart_Project1@5bda8e08]" started-at="2025-02-04T06:45:29 IST" name="addandremove" finished-at="2025-02-04T06:46:04 IST" duration-ms="34878" status="PASS">
          <reporter-output>
            <line>
              <![CDATA[Test started for test=Suite2,addandremove]]>
            </line>
            <line>
              <![CDATA[result is passed for test=Suite2,addandremove]]>
            </line>
          </reporter-output>
        </test-method> <!-- addandremove -->
        <test-method is-config="true" signature="quit()[pri:0, instance:amazon_Project1.Project1_Amazon.TestCase10_AddandRemoveCart_Project1@5bda8e08]" started-at="2025-02-04T06:46:04 IST" name="quit" finished-at="2025-02-04T06:46:06 IST" duration-ms="1960" status="PASS">
          <reporter-output>
          </reporter-output>
        </test-method> <!-- quit -->
      </class> <!-- amazon_Project1.Project1_Amazon.TestCase10_AddandRemoveCart_Project1 -->
    </test> <!-- EdgeTest-paralleltest -->
  </suite> <!-- Suite2 -->
</testng-results>
